:F3:ASM80 DATMOD.ASM DEBUG



ISIS-II 8080/8085 MACRO ASSEMBLER, V4.1         DATMOD   PAGE    1
GENCPM Data module

  LOC  OBJ         LINE        SOURCE STATEMENT

                      1 $title  ('GENCPM Data module')
                      2         name    datmod
                      3 
                      4 ;  Copyright (C) 1982
                      5 ;  Digital Research
                      6 ;  P.O. Box 579
                      7 ;  Pacific Grove, CA 93950
                      8 ;
                      9 ;  Revised:
                     10 ;    15 Nov 82 by Bruce Skidmore
                     11 ;
                     12 
                     13         cseg
                     14 
                     15         public  symtbl
                     16 
                     17 ;declare symtbl(16) structure(
                     18 ;  token(8) byte, /* question variable name */
                     19 ;  len      byte, /* length of structure in array of structures */
                     20 ;  flags    byte, /* type of variable */
                     21 ;  qptr     byte, /* index into query array */
                     22 ;  ptr      address); /* pointer to the associated data structure */
                     23 
                     24 ;  flags definition:
                     25 ;      bit(3) = 1 then array of structures
                     26 ;      bit(4) = 1 then index is A-P else index is 0-F
                     27 ;      bit(2) = 1 then numeric variable
                     28 ;      bit(1) = 1 boolean variable legal values are Y or N
                     29 ;      bit(0) = 1 drive variable legal values are A-P
                     30 
                     31 symtbl:
  0000 5052544D      32         db      'PRTMSG  ',1, 00000010B,0
  0004 53472020  
  0008 01              
  0009 02              
  000A 00              
  000B 1F01     C    33         dw      prtmsg
  000D 50414757      34         db      'PAGWID  ',1, 00000100B,1
  0011 49442020  
  0015 01              
  0016 04              
  0017 01              
  0018 2501     C    35         dw      conwid
  001A 5041474C      36         db      'PAGLEN  ',1, 00000100B,2
  001E 454E2020  
  0022 01              
  0023 04              
  0024 02              
  0025 2401     C    37         dw      conpag
  0027 4241434B      38         db      'BACKSPC ',1, 00000010B,3
  002B 53504320  
  002F 01              
  0030 02              
  0031 03              


ISIS-II 8080/8085 MACRO ASSEMBLER, V4.1         DATMOD   PAGE    2
GENCPM Data module

  LOC  OBJ         LINE        SOURCE STATEMENT

  0032 2601     C    39         dw      bckspc
  0034 5255424F      40         db      'RUBOUT  ',1, 00000010B,4
  0038 55542020  
  003C 01              
  003D 02              
  003E 04              
  003F 2701     C    41         dw      rubout
  0041 424F4F54      42         db      'BOOTDRV ',1, 00000001B,5
  0045 44525620  
  0049 01              
  004A 01              
  004B 05              
  004C 2301     C    43         dw      bdrive
  004E 4D454D54      44         db      'MEMTOP  ',1, 00000100B,6
  0052 4F502020  
  0056 01              
  0057 04              
  0058 06              
  0059 2101     C    45         dw      memtop
  005B 424E4B53      46         db      'BNKSWT  ',1, 00000010B,7
  005F 57542020  
  0063 01              
  0064 02              
  0065 07              
  0066 2001     C    47         dw      bnkswt
  0068 434F4D42      48         db      'COMBAS  ',1, 00000100B,8
  006C 41532020  
  0070 01              
  0071 04              
  0072 08              
  0073 2201     C    49         dw      bnktop
  0075 4C455252      50         db      'LERROR  ',1, 00000010B,9
  0079 4F522020  
  007D 01              
  007E 02              
  007F 09              
  0080 1E01     C    51         dw      lerror
  0082 4E554D53      52         db      'NUMSEGS ',1, 00000100B,10
  0086 45475320  
  008A 01              
  008B 04              
  008C 0A              
  008D 2801     C    53         dw      numseg
  008F 4D454D53      54         db      'MEMSEG00',5, 00001100B,11
  0093 45473030  
  0097 05              
  0098 0C              
  0099 0B              
  009A 3E01     C    55         dw      memtbl+5
  009C 48415348      56         db      'HASHDRVA',1, 00011010B,27
  00A0 44525641  
  00A4 01              
  00A5 1A              
  00A6 1B              
  00A7 2901     C    57         dw      hash


ISIS-II 8080/8085 MACRO ASSEMBLER, V4.1         DATMOD   PAGE    3
GENCPM Data module

  LOC  OBJ         LINE        SOURCE STATEMENT

  00A9 414C5442      58         db      'ALTBNKSA',10,00011010B,43
  00AD 4E4B5341  
  00B1 0A              
  00B2 1A              
  00B3 2B              
  00B4 9101     C    59         dw      record+3
  00B6 4E444952      60         db      'NDIRRECA',10,00011100B,59
  00BA 52454341  
  00BE 0A              
  00BF 1C              
  00C0 3B              
  00C1 9201     C    61         dw      record+4
  00C3 4E445441      62         db      'NDTARECA',10,00011100B,75
  00C7 52454341  
  00CB 0A              
  00CC 1C              
  00CD 4B              
  00CE 9301     C    63         dw      record+5
  00D0 4F444952      64         db      'ODIRDRVA',10,00011001B,91
  00D4 44525641  
  00D8 0A              
  00D9 19              
  00DA 5B              
  00DB 9401     C    65         dw      record+6
  00DD 4F445441      66         db      'ODTADRVA',10,00011001B,107
  00E1 44525641  
  00E5 0A              
  00E6 19              
  00E7 6B              
  00E8 9501     C    67         dw      record+7
  00EA 4F564C59      68         db      'OVLYDIRA',10,00011010B,123
  00EE 44495241  
  00F2 0A              
  00F3 1A              
  00F4 7B              
  00F5 9601     C    69         dw      record+8
  00F7 4F564C59      70         db      'OVLYDTAA',10,00011010B,139
  00FB 44544141  
  00FF 0A              
  0100 1A              
  0101 8B              
  0102 9701     C    71         dw      record+9
  0104 43524441      72         db      'CRDATAF ',1,00000010B,155
  0108 54414620  
  010C 01              
  010D 02              
  010E 9B              
  010F 2E02     C    73         dw      crdatf
  0111 44424C41      74         db      'DBLALV  ',1,00000010B,156
  0115 4C562020  
  0119 01              
  011A 02              
  011B 9C              
  011C 2F02     C    75         dw      dblalv
                     76 


ISIS-II 8080/8085 MACRO ASSEMBLER, V4.1         DATMOD   PAGE    4
GENCPM Data module

  LOC  OBJ         LINE        SOURCE STATEMENT

                     77         public  lerror,prtmsg,bnkswt,memtop,bnktop
                     78         public  bdrive,conpag,conwid,bckspc
                     79         public  rubout,numseg,hash,memtbl,record
                     80         public  crdatf,dblalv
                     81 
                     82 lerror:
  011E FF            83         db      0ffh
                     84 prtmsg:
  011F FF            85         db      0ffh
                     86 bnkswt:
  0120 FF            87         db      0ffh
                     88 memtop:
  0121 FF            89         db      0ffh
                     90 bnktop:
  0122 C0            91         db      0c0h
                     92 bdrive:
  0123 00            93         db      00h
                     94 conpag:
  0124 17            95         db      23
                     96 conwid:
  0125 4F            97         db      79
                     98 bckspc:
  0126 00            99         db      0
                    100 rubout:
  0127 FF           101         db      0ffh
                    102 numseg:
  0128 03           103         db      3
                    104 hash:
  0129 FF           105         db      0ffh,0ffh,0ffh,0ffh
  012A FF              
  012B FF              
  012C FF              
  012D FF           106         db      0ffh,0ffh,0ffh,0ffh
  012E FF              
  012F FF              
  0130 FF              
  0131 FF           107         db      0ffh,0ffh,0ffh,0ffh
  0132 FF              
  0133 FF              
  0134 FF              
  0135 FF           108         db      0ffh,0ffh,0ffh,0ffh
  0136 FF              
  0137 FF              
  0138 FF              
                    109 memtbl:
  0139 00           110         db      0,0,0,0,0
  013A 00              
  013B 00              
  013C 00              
  013D 00              
  013E 00           111         db      0,080h,00h,0,0
  013F 80              
  0140 00              
  0141 00              
  0142 00              


ISIS-II 8080/8085 MACRO ASSEMBLER, V4.1         DATMOD   PAGE    5
GENCPM Data module

  LOC  OBJ         LINE        SOURCE STATEMENT

  0143 00           112         db      0,0c0h,02h,0,0
  0144 C0              
  0145 02              
  0146 00              
  0147 00              
  0148 00           113         db      0,0c0h,03h,0,0
  0149 C0              
  014A 03              
  014B 00              
  014C 00              
  014D 00           114         db      0,0c0h,04h,0,0
  014E C0              
  014F 04              
  0150 00              
  0151 00              
  0152 00           115         db      0,0c0h,05h,0,0
  0153 C0              
  0154 05              
  0155 00              
  0156 00              
  0157 00           116         db      0,0c0h,06h,0,0
  0158 C0              
  0159 06              
  015A 00              
  015B 00              
  015C 00           117         db      0,0c0h,07h,0,0
  015D C0              
  015E 07              
  015F 00              
  0160 00              
  0161 00           118         db      0,0c0h,08h,0,0
  0162 C0              
  0163 08              
  0164 00              
  0165 00              
  0166 00           119         db      0,0c0h,09h,0,0
  0167 C0              
  0168 09              
  0169 00              
  016A 00              
  016B 00           120         db      0,0c0h,0ah,0,0
  016C C0              
  016D 0A              
  016E 00              
  016F 00              
  0170 00           121         db      0,0c0h,0bh,0,0
  0171 C0              
  0172 0B              
  0173 00              
  0174 00              
  0175 00           122         db      0,0c0h,0ch,0,0
  0176 C0              
  0177 0C              
  0178 00              
  0179 00              


ISIS-II 8080/8085 MACRO ASSEMBLER, V4.1         DATMOD   PAGE    6
GENCPM Data module

  LOC  OBJ         LINE        SOURCE STATEMENT

  017A 00           123         db      0,0c0h,0dh,0,0
  017B C0              
  017C 0D              
  017D 00              
  017E 00              
  017F 00           124         db      0,0c0h,0eh,0,0
  0180 C0              
  0181 0E              
  0182 00              
  0183 00              
  0184 00           125         db      0,0c0h,0fh,0,0
  0185 C0              
  0186 0F              
  0187 00              
  0188 00              
  0189 00           126         db      0,0c0h,10h,0,0
  018A C0              
  018B 10              
  018C 00              
  018D 00              
                    127 record:
  018E 0000         128         dw      0
  0190 00           129         db      0,0,1,1,0,0,0ffh,0ffh
  0191 00              
  0192 01              
  0193 01              
  0194 00              
  0195 00              
  0196 FF              
  0197 FF              
  0198 0000         130         dw      0
  019A 00           131         db      0,0,1,1,0,0,0ffh,0ffh
  019B 00              
  019C 01              
  019D 01              
  019E 00              
  019F 00              
  01A0 FF              
  01A1 FF              
  01A2 0000         132         dw      0
  01A4 00           133         db      0,0,1,1,0,0,0ffh,0ffh
  01A5 00              
  01A6 01              
  01A7 01              
  01A8 00              
  01A9 00              
  01AA FF              
  01AB FF              
  01AC 0000         134         dw      0
  01AE 00           135         db      0,0,1,1,0,0,0ffh,0ffh
  01AF 00              
  01B0 01              
  01B1 01              
  01B2 00              
  01B3 00              


ISIS-II 8080/8085 MACRO ASSEMBLER, V4.1         DATMOD   PAGE    7
GENCPM Data module

  LOC  OBJ         LINE        SOURCE STATEMENT

  01B4 FF              
  01B5 FF              
  01B6 0000         136         dw      0
  01B8 00           137         db      0,0,1,1,0,0,0ffh,0ffh
  01B9 00              
  01BA 01              
  01BB 01              
  01BC 00              
  01BD 00              
  01BE FF              
  01BF FF              
  01C0 0000         138         dw      0
  01C2 00           139         db      0,0,1,1,0,0,0ffh,0ffh
  01C3 00              
  01C4 01              
  01C5 01              
  01C6 00              
  01C7 00              
  01C8 FF              
  01C9 FF              
  01CA 0000         140         dw      0
  01CC 00           141         db      0,0,1,1,0,0,0ffh,0ffh
  01CD 00              
  01CE 01              
  01CF 01              
  01D0 00              
  01D1 00              
  01D2 FF              
  01D3 FF              
  01D4 0000         142         dw      0
  01D6 00           143         db      0,0,1,1,0,0,0ffh,0ffh
  01D7 00              
  01D8 01              
  01D9 01              
  01DA 00              
  01DB 00              
  01DC FF              
  01DD FF              
  01DE 0000         144         dw      0
  01E0 00           145         db      0,0,1,1,0,0,0ffh,0ffh
  01E1 00              
  01E2 01              
  01E3 01              
  01E4 00              
  01E5 00              
  01E6 FF              
  01E7 FF              
  01E8 0000         146         dw      0
  01EA 00           147         db      0,0,1,1,0,0,0ffh,0ffh
  01EB 00              
  01EC 01              
  01ED 01              
  01EE 00              
  01EF 00              
  01F0 FF              


ISIS-II 8080/8085 MACRO ASSEMBLER, V4.1         DATMOD   PAGE    8
GENCPM Data module

  LOC  OBJ         LINE        SOURCE STATEMENT

  01F1 FF              
  01F2 0000         148         dw      0
  01F4 00           149         db      0,0,1,1,0,0,0ffh,0ffh
  01F5 00              
  01F6 01              
  01F7 01              
  01F8 00              
  01F9 00              
  01FA FF              
  01FB FF              
  01FC 0000         150         dw      0
  01FE 00           151         db      0,0,1,1,0,0,0ffh,0ffh
  01FF 00              
  0200 01              
  0201 01              
  0202 00              
  0203 00              
  0204 FF              
  0205 FF              
  0206 0000         152         dw      0
  0208 00           153         db      0,0,1,1,0,0,0ffh,0ffh
  0209 00              
  020A 01              
  020B 01              
  020C 00              
  020D 00              
  020E FF              
  020F FF              
  0210 0000         154         dw      0
  0212 00           155         db      0,0,1,1,0,0,0ffh,0ffh
  0213 00              
  0214 01              
  0215 01              
  0216 00              
  0217 00              
  0218 FF              
  0219 FF              
  021A 0000         156         dw      0
  021C 00           157         db      0,0,1,1,0,0,0ffh,0ffh
  021D 00              
  021E 01              
  021F 01              
  0220 00              
  0221 00              
  0222 FF              
  0223 FF              
  0224 0000         158         dw      0
  0226 00           159         db      0,0,1,1,0,0,0ffh,0ffh
  0227 00              
  0228 01              
  0229 01              
  022A 00              
  022B 00              
  022C FF              
  022D FF              


ISIS-II 8080/8085 MACRO ASSEMBLER, V4.1         DATMOD   PAGE    9
GENCPM Data module

  LOC  OBJ         LINE        SOURCE STATEMENT

                    160 crdatf:
  022E 00           161         db      0
                    162 dblalv:
  022F FF           163         db      0ffh
                    164 
                    165         public  quest
                    166 quest:
  0230              167         ds      157
                    168         end


PUBLIC SYMBOLS
BCKSPC C 0126    BDRIVE C 0123    BNKSWT C 0120    BNKTOP C 0122    CONPAG C 0124    CONWID C 0125    CRDATF C 022E    
DBLALV C 022F    HASH   C 0129    LERROR C 011E    MEMTBL C 0139    MEMTOP C 0121    NUMSEG C 0128    PRTMSG C 011F    
QUEST  C 0230    RECORD C 018E    RUBOUT C 0127    SYMTBL C 0000    

EXTERNAL SYMBOLS


USER SYMBOLS
BCKSPC C 0126    BDRIVE C 0123    BNKSWT C 0120    BNKTOP C 0122    CONPAG C 0124    CONWID C 0125    CRDATF C 022E    
DBLALV C 022F    HASH   C 0129    LERROR C 011E    MEMTBL C 0139    MEMTOP C 0121    NUMSEG C 0128    PRTMSG C 011F    
QUEST  C 0230    RECORD C 018E    RUBOUT C 0127    SYMTBL C 0000    

ASSEMBLY COMPLETE,   NO ERRORS
