PL/M-80 COMPILER    SDIR 8080 - GET DISK PARAMETERS                                                                       PAGE   1


ISIS-II PL/M-80 V3.0 COMPILATION OF MODULE DPB80
OBJECT MODULE PLACED IN DPB80
COMPILER INVOKED BY:  :F1:PLM80 DPB80.PLM DEBUG PAGEWIDTH(130) OPTIMIZE OBJECT(DPB80)



              $title ('SDIR 8080 - Get Disk Parameters')
   1          dpb80:
              do;
                     /* the purpose of this module is to allow independence */
                     /* of processor, i.e., 8080 or 8086                    */

              $include (comlit.lit)
          =
   2   1  =   declare
          =           lit                literally          'literally',
          =           dcl                lit                'declare',
          =           true               lit                '0ffh',
          =           false              lit                '0',
          =           boolean            lit                'byte',
          =           forever            lit                'while true',
          =           cr                 lit                '13',
          =           lf                 lit                '10',
          =           tab                lit                '9',
          =           ctrlc              lit                '3',
          =           ff                 lit                '12',
          =           page$len$offset    lit                '1ch',
          =           nopage$mode$offset lit                '2Ch',
          =           sectorlen          lit                '128';

              /* function call 32 in 2.0 or later BDOS, returns the address of the disk
              parameter block for the currently selected disk, which consists of:
                      spt                   (2 bytes) number of sectors per track
                      blkshf                (1 byte)  block size = shl(double(128),blkshf)
                      blkmsk                (1 byte)  sector# and blkmsk = block number
                      extmsk                (1 byte)  logical/physical extents
                      blkmax                (2 bytes) max alloc number
                      dirmax                (2 bytes) size of directory-1
                      dirblk                (2 bytes) reservation bits for directory
                      chksiz                (2 bytes) size of checksum vector
                      offset                (2 bytes) offset for operating system
              */

              $include(dpb.lit)
          =
          =   /* indices into disk parameter block, used as parameters to dpb procedure */
          =
   3   1  =   dcl        spt$w        lit        '0',
          =              blkshf$b     lit        '2',
          =              blkmsk$b     lit        '3',
          =              extmsk$b     lit        '4',
          =              blkmax$w     lit        '5',
          =              dirmax$w     lit        '7',
          =              dirblk$w     lit        '9',
          =              chksiz       lit        '11',
          =              offset$w     lit        '13';
          =
PL/M-80 COMPILER    SDIR 8080 - GET DISK PARAMETERS                                                                       PAGE   2


              $include(mon.plm)
          =
          =                   /* definitions for assembly interface module        */
   4   1  =   declare
          =       fcb (33) byte external,        /* default file control block    */
          =       maxb address external,         /* top of memory                 */
          =       buff(128)byte external;        /* default buffer                */
          =
   5   1  =   mon1: procedure(f,a) external;
   6   2  =       declare f byte, a address;
   7   2  =       end mon1;
          =
   8   1  =   mon2: procedure(f,a) byte external;
   9   2  =       declare f byte, a address;
  10   2  =       end mon2;
          =
  11   1  =   mon3: procedure(f,a) address external;
  12   2  =       declare f byte, a address;
  13   2  =       end mon3;
          =
  14   1      declare k$per$block address public;
  15   1      declare dpb$base address;
  16   1      declare dpb$array based dpb$base (15) byte;

  17   1      dcl get$dpb lit '31';

  18   1      dpb$byte: procedure(param) byte public;
  19   2          dcl param byte;
  20   2          return(dpb$array(param));
  21   2      end dpb$byte;

  22   1      dpb$word: procedure(param) address public;
  23   2          dcl param byte;
  24   2          return(dpb$array(param) + shl(double(dpb$array(param+1)),8));
  25   2      end dpb$word;

  26   1      base$dpb: procedure public;
  27   2          dpb$base = mon3(get$dpb,0);
  28   2          k$per$block = shr(dpb$byte(blkmsk$b)+1,3);
  29   2      end base$dpb;

  30   1      end dpb80;



MODULE INFORMATION:

     CODE AREA SIZE     = 005BH     91D
     VARIABLE AREA SIZE = 0006H      6D
     MAXIMUM STACK SIZE = 0004H      4D
     93 LINES READ
     0 PROGRAM ERROR(S)

END OF PL/M-80 COMPILATION
