:F3:ASM80 INPOUT.ASM DEBUG



ISIS-II 8080/8085 MACRO ASSEMBLER, V4.1         INPOUT   PAGE    1
INP:/OUT: Interface

  LOC  OBJ         LINE        SOURCE STATEMENT

                      1 $title  ('INP:/OUT: Interface')
                      2         name inpout
                      3         cseg
                      4 ;
                      5 ;       CP/M 3 PIP Utility INP: / OUT: Interface module
                      6 ;       Code org'd at 080h
                      7 ;       July 5, 1982
                      8 
                      9 public  inploc,outloc,inpd,outd
                     10 
  0000               11         org     00h
                     12 inpd:
  0000 CD0800   C    13         call inploc
  0003 C9            14         ret
                     15 
                     16 outd:
  0004 CD0B00   C    17         call outloc
  0007 C9            18         ret
                     19 
                     20 inploc:
  0008 3E1A          21         mvi a,01Ah
  000A C9            22         ret
                     23 
                     24 outloc:
  000B C9            25         ret
  000C 00            26         nop
  000D 00            27         nop
                     28 
  007F               29         org     07fh
  007F 00            30         db      0
                     31 end


PUBLIC SYMBOLS
INPD   C 0000    INPLOC C 0008    OUTD   C 0004    OUTLOC C 000B    

EXTERNAL SYMBOLS


USER SYMBOLS
INPD   C 0000    INPLOC C 0008    OUTD   C 0004    OUTLOC C 000B    

ASSEMBLY COMPLETE,   NO ERRORS
