PL/M-80 COMPILER    CP/M 3.0 --- SHOW 3.1                                                                                   PAGE   1


ISIS-II PL/M-80 V3.0 COMPILATION OF MODULE SHOW
OBJECT MODULE PLACED IN SHOW.OBJ
COMPILER INVOKED BY:  :F1:PLM80 SHOW.PLM DEBUG OPTIMIZE PAGEWIDTH(132)



              $ TITLE('CP/M 3.0 --- SHOW 3.1')
              /*
                 Revised:
                      Oct 82 by Phillip Balma
                   14 Sept 81 by Doug Huskey
              */

              /* * * * * * * * * * * * * * * * * * * * * * * * * * * * * * *


                                     * * *  SHOW  * * *


               * * * * * * * * * * * * * * * * * * * * * * * * * * * * * * */


   1          show:
              do;
   2   1      declare
                  mpm        literally '30h';

   3   1      declare plm     label public;

   4   1      declare copyright(*) byte data 
                  (' Copyright (c) 1982, Digital Research ');

   5   1      declare verdate(*)      byte data('10/27/82'),
                      version(*)      byte data('Show 3.1');


              /*
                          copyright(c) 1975, 1976, 1977, 1978, 1979, 1980, 1981,1982
                          digital research
                          box 579
                          pacific grove, ca
                          93950

                */

              /* modified 10/30/78 to fix the space computation */
              /* modified 01/28/79 to remove despool dependencies */
              /* modified 07/26/79 to operate under cp/m 2.0 */
              /* modified 01/20/80 by Thomas Rolander */
              /* show created 05/19/81 */
              /* modified 7/82 to add new options parser, # dir FCB's left, new DISK option,
                 # of files           by Phillip Balma */
              /* added paging, # SFCB's  Phillip Balma*/

              /* * * * * * * * * * * * * * * * * * * * * * * * * * * * * * *


PL/M-80 COMPILER    CP/M 3.0 --- SHOW 3.1                                                                                   PAGE   2


                                * * *  DISK INTERFACE * * *


               * * * * * * * * * * * * * * * * * * * * * * * * * * * * * * */


   6   1      declare         dcnt            byte,
                              anything        byte,
                              dirbuf(128)     byte;

   7   1      declare 
                              line$page       byte,
                              line$out        byte,
                              drives(16)      byte,
                              drive           byte,
                              all             byte initial(0),
                              once$only       byte initial(0),
                              done$drive(16)  byte initial(0,0,0,0,0,0,0,0,0,0,0,0,0,0,0,0),

                              PAGE            byte initial(0),
                              NONBANK         byte initial(0),

                              user(16)        byte,           /* any files in user i? */
                              used(16)        address,        /* # files in user i */
                              free$dir        address,        /* # free directories */
                              nSFCB           address,        /* # SFCB's */

                              SCBPB           structure(
                               where          byte,
                               set            byte,
                               value          address) initial(0,0,0),

                              ERRORM(*)       byte data('ERROR: ',0),
                              input(*)        byte data('INPUT: ',0),
                              eoption(*)      byte data('OPTION: ',0),
                              dirdrive(*)     byte data('DRIVE: ',0),

                              err$unrecopt(*) byte data('Unrecognized Option.',0),
                              err$unrecd(*)   byte data('Unrecognized drive.',0),
                              err$version(*)  byte data('Requires CP/M 3 or higher.',0),
                              err$nolabel(*)  byte 
                                              data('No directory label exists on drive ',0),
                              err$input(*)    byte data('Unrecognized input.',0),

                              opt$dir         byte data(1),
                              opt$drive       byte data(2),
                              opt$label       byte data(3),
                              opt$space       byte data(0),
                              opt$user        byte data(4),
                              opt$page        byte data(6),          /*rel to 1 */
                              opt$nopage      byte data(7);

   8   1              declare

                              dirs(*) byte data
                                           ('A:0B:0C:0D:0E:0F:0G:0H:0I:0J:0K:0L:0M:0N:0',
                                            'O:0P:',0ffh),
PL/M-80 COMPILER    CP/M 3.0 --- SHOW 3.1                                                                                   PAGE   3


                              options(*) byte data('SPACE0DIRECTORY0DRIVES0LABEL0USERS0',
                                                    'PAGE0NOPAGE',0ffh),

                              off$dirs(*) byte data(0,3,6,9,12,15,18,21,24,27,30,33,36,39,42,
                                                   45,47),
                              off$opt(*) byte data(0,6,16,23,29,35,40,46),

                              end$list        byte data (0ffh),
                              end$of$string   byte data (0),

                              delimiters(*) byte data (0,'[]=, :;<>%\|"()/#!@&+-*?',0,0ffh),
                              SPACE           byte data(5),   /* index into delim to space */
                              EOS             byte data(25),
                              COMMA           byte data(4),
                              COLON           byte data(6),
                              LBRACKET        byte data(1),
                              RBRACKET        byte data(2),

                              opt$map(21)     structure ( option(5) byte),

                              j               byte initial(0),
                              buf$ptr         address,
                              opt$index       byte,
                              endbuf          byte,
                              delimiter       byte;
PL/M-80 COMPILER    CP/M 3.0 --- SHOW 3.1                                                                                   PAGE   4


              $ eject

   9   1      declare
                      maxb            address external,       /* addr field of jmp BDOS */
                      fcb(33)         byte external,          /* default fcb */
                      buff(128)       byte external,          /* default buffer */
                      fcba            literally '.fcb',       /* default fcb */
                      dolla           literally '.fcb(6dh-5ch)',      /* $ position */
                      rreca           literally '.fcb(7dh-5ch)',      /* ran rcd 7d,7e,7f */
                      rreco           literally '.fcb(7fh-5ch)',      /* ran overflow */
                      sectorlen       literally '128',                /* sector length */
                      rrec            address at(rreca),      /* random record address */
                      rovf            byte at(rreco),         /* overflow on getfile */
                      doll            byte at(dolla),         /* dollar parameter */
                      user$code       byte,                   /* current user code */
                      cversion        address,                /* BDOS version # */
                      cdisk           byte,                   /* current disk  */

              /* function call 32 returns the address of the disk parameter
              block for the currently selected disk, which consists of:
                      scptrk      (2 by) number of sectors per track
                      blkshf      (1 by) log2 of blocksize (2**blkshf=blksize)
                      blkmsk      (1 by) 2**blkshf-1
                      extmsk      (1 by) logical/physical extents
                      maxall      (2 by) max alloc number
                      dirmax      (2 by) size of directory-1
                      alloc       (2 by) reservation bits for directory
                      chksiz      (2 by) size of checksum vector
                      offset      (2 by) offset for operating system
                      psh         (1 by) log2 of physical record size(2**psh * 128 = size)
                      psm         (1 by) 2**psh - 1 
              */

                      dpba            address,         /* disk parameter block address */
                      dpb             based dpba structure(
                              spt     address, 
                              bls     byte, 
                              bms     byte, 
                              exm     byte, 
                              mxa     address,
                              dmx     address, 
                              dbl     address, 
                              cks     address, 
                              ofs     address,
                              psh     byte,
                              psm     byte),

                      scptrk  literally 'dpb.spt',
                      blkshf  literally 'dpb.bls',
                      blkmsk  literally 'dpb.bms',
                      extmsk  literally 'dpb.exm',
                      maxall  literally 'dpb.mxa',
                      dirmax  literally 'dpb.dmx',
                      dirblk  literally 'dpb.dbl',
                      chksiz  literally 'dpb.cks',
                      offset  literally 'dpb.ofs',
                      physhf  literally 'dpb.psh',
PL/M-80 COMPILER    CP/M 3.0 --- SHOW 3.1                                                                                   PAGE   5


                      phymsk  literally 'dpb.psm';


  10   1      boot: procedure external;
                  /* reboot */
  11   2          end boot;

  12   1      mon1: procedure(f,a) external;
  13   2          declare f byte, a address;
  14   2          end mon1;

  15   1      mon2: procedure(f,a) byte external;
  16   2          declare f byte, a address;
  17   2          end mon2;

  18   1      declare mon3 literally 'mon2a';

  19   1      mon3: procedure(f,a) address external;
  20   2          declare f byte, a address;
  21   2          end mon3;

  22   1      declare alloca address,
                  /* alloca is the address of the disk allocation vector */
                  alloc based alloca (1024) byte;  /* allocation vector */

  23   1      declare
                  true        literally '1',
                  false       literally '0',
                  forever     literally 'while true',
                  lit         literally 'literally',
                  proc        literally 'procedure',
                  dcl         literally 'declare',
                  addr        literally 'address',
                  ctlc        literally '3',
                  cr          literally '13',
                  lf          literally '10';


  24   1      printchar: procedure(char);
  25   2          declare char byte;
  26   2          call mon1(2,char);
  27   2      end printchar;

  28   1      printb: procedure;
                                      /* print blank character */
  29   2          call printchar(' ');
  30   2      end printb;

  31   1      printx: procedure(a);
  32   2          declare a address;
  33   2          declare s based a byte;

  34   2              do while s <> 0;
  35   3                      call printchar(s);
  36   3                      a = a + 1;
  37   3              end;

PL/M-80 COMPILER    CP/M 3.0 --- SHOW 3.1                                                                                   PAGE   6


  38   2      end printx;

  39   1      break: procedure byte;
  40   2          return mon2(11,0);          /* console ready */
  41   2      end break;


  42   1      crlf2: procedure;

  43   2              call printchar(cr);
  44   2              call printchar(lf);

  45   2      end crlf2;


  46   1      terminate: procedure;
  47   2              call crlf2;
  48   2              call mon1 (0,0);                                /* system reset */
  49   2      end terminate;



  50   1      crlf: procedure;

  51   2          if PAGE then do;
  53   3                      line$out = line$out + 1;
  54   3                      if line$out + 2 > line$page then do;

  56   4                              call crlf2;
  57   4                              call crlf2;

  58   4                              call printx(.('Press RETURN to continue.',0));

  59   4                              do while not break;     /* wait until a console break*/
  60   5                              end;
  61   4                              if mon2(1,0) = ctlc then call terminate;
  63   4                              line$out = 1;
  64   4                              call crlf2;
  65   4                      end;
  66   3          end;

  67   2              call crlf2;

  68   2      end crlf;


  69   1      print: procedure(a);
  70   2          declare a address;
                                      /* print the string starting at address a until the
                                         next 0 is encountered */
  71   2          call crlf;
  72   2          call printx(a);

  73   2      end print;


  74   1      get$version: procedure byte;
PL/M-80 COMPILER    CP/M 3.0 --- SHOW 3.1                                                                                   PAGE   7


                                              /* returns current cp/m version # */
  75   2          return mon3(12,0);
  76   2      end get$version;

  77   1      select: procedure(d);
  78   2          declare d byte;

  79   2          call mon1(14,d);
  80   2      end select;

  81   1      check$user: procedure;
  82   2          do forever;
  83   3              if anything then return;
  85   3              if dcnt = 0ffh then return;
  87   3              if dirbuf(ror (dcnt,3) and 110$0000b) = user$code then return;

  89   3              dcnt = mon2(18,0);

  90   3          end;
  91   2      end check$user;

  92   1      search: procedure(fcb);
  93   2          declare fcb address;
  94   2          declare fcb0 based fcb byte;

  95   2          anything = (fcb0 = '?');
  96   2          dcnt = mon2(17,fcb);
  97   2          call check$user;
  98   2      end search;

  99   1      searchn: procedure;
 100   2          dcnt = mon2(18,0);
 101   2          call check$user;
 102   2      end searchn;

 103   1      cselect: procedure byte;
                                                      /* return current disk number */
 104   2          return mon2(25,0);
 105   2      end cselect;

 106   1      setdma: procedure(dma);
 107   2          declare dma address;

 108   2          call mon1(26,dma);
 109   2      end setdma;

 110   1      getalloca: procedure address;
                                                      /* get base address of alloc vector */
 111   2          return mon3(27,0);
 112   2      end getalloca;

 113   1      getlogin: procedure address;
                                                      /* get the login vector */
 114   2          return mon3(24,0);
 115   2      end getlogin;

 116   1      getpage: procedure byte;                /* get the conole page length */
PL/M-80 COMPILER    CP/M 3.0 --- SHOW 3.1                                                                                   PAGE   8



 117   2              SCBPB.where = 01ch;
 118   2              return mon2(49,.SCBPB);

 119   2      end getpage;

 120   1      getpagemode: procedure byte;

 121   2              SCBPB.where = 02ch;
 122   2              return mon2(49,.SCBPB);

 123   2      end getpagemode;

 124   1      getNB: procedure byte;
 125   2             SCBPB.where = 05dh;
 126   2             return high(mon3(49,.SCBPB));
 127   2      end getNB;

 128   1      getrodisk: procedure address;
                                                      /* get the read-only disk vector */
 129   2          return mon3(29,0);
 130   2      end getrodisk;

              /*setind: procedure;
                  call mon1(30,fcba);
              end setind;
              */

 131   1      set$dpb: procedure;
                                                      /* set disk parameter block values */
 132   2          dpba = mon3(31,0);                  /* base of dpb */
 133   2      end set$dpb;

 134   1      getuser: procedure byte;
                                                      /* return current user number */
 135   2          return mon2(32,0ffh);
 136   2      end getuser;

              /*setuser: procedure(user);
                  declare user byte;

                  call mon1(32,user);
              end setuser;
              */

 137   1      getfreesp: procedure(d);
 138   2          declare d byte;

 139   2          call mon1(46,d);
 140   2      end getfreesp;

 141   1      getlbl: procedure(d) byte;
 142   2          declare d byte;

 143   2          return mon2(101,d);
 144   2      end getlbl;

PL/M-80 COMPILER    CP/M 3.0 --- SHOW 3.1                                                                                   PAGE   9


 145   1      e$print: procedure(msg);
 146   2              declare msg     address;

 147   2              call print(.ERRORM);
 148   2              call printx(msg);

 149   2      end e$print;


              /*****************************************************

                        Time & Date ASCII Conversion Code

               *****************************************************/

 150   1      declare tod$adr address;
 151   1      declare tod based tod$adr structure (
                opcode byte,
                date address,
                hrs byte,
                min byte,
                sec byte,
                ASCII (21) byte );

 152   1      declare string$adr address;
 153   1      declare string based string$adr (1) byte;
 154   1      declare index byte;

 155   1      emitchar: procedure(c);
 156   2          declare c byte;
 157   2          string(index := index + 1) = c;
 158   2          end emitchar;

 159   1      emitn: procedure(a);
 160   2          declare a address;
 161   2          declare c based a byte;
 162   2          do while c <> '$';
 163   3            string(index := index + 1) = c;
 164   3            a = a + 1;
 165   3          end;
 166   2          end emitn;


 167   1      emit$bcd: procedure(b);
 168   2          declare b byte;
 169   2          call emitchar('0'+b);
 170   2          end emit$bcd;

 171   1      emit$bcd$pair: procedure(b);
 172   2          declare b byte;
 173   2          call emit$bcd(shr(b,4));
 174   2          call emit$bcd(b and 0fh);
 175   2          end emit$bcd$pair;

 176   1      emit$colon: procedure(b);
 177   2          declare b byte;
 178   2          call emit$bcd$pair(b);
PL/M-80 COMPILER    CP/M 3.0 --- SHOW 3.1                                                                                   PAGE  10


 179   2          call emitchar(':');
 180   2          end emit$colon;

 181   1      emit$bin$pair: procedure(b);
 182   2          declare b byte;
 183   2          call emit$bcd(b/10);        /* makes garbage if not < 10 */
 184   2          call emit$bcd(b mod 10);
 185   2          end emit$bin$pair;

 186   1      emit$slant: procedure(b);
 187   2          declare b byte;
 188   2          call emit$bin$pair(b);
 189   2          call emitchar('/');
 190   2          end emit$slant;

 191   1      declare chr byte;

 192   1      gnc: procedure;
                  /* get next command byte */
 193   2          if chr = 0 then return;
 195   2          if index = 20 then
 196   2          do;
 197   3            chr = 0;
 198   3            return;
 199   3          end;
 200   2          chr = string(index := index + 1);
 201   2          end gnc;

 202   1      deblank: procedure;
 203   2              do while chr = ' ';
 204   3              call gnc;
 205   3              end;
 206   2          end deblank;

 207   1      numeric: procedure byte;
                  /* test for numeric */
 208   2          return (chr - '0') < 10;
 209   2          end numeric;

 210   1      scan$numeric: procedure(lb,ub) byte;
 211   2          declare (lb,ub) byte;
 212   2          declare b byte;
 213   2          b = 0;
 214   2          call deblank;
 215   2          if not numeric then call terminate;
 217   2              do while numeric;
 218   3              if (b and 1110$0000b) <> 0 then call terminate;
 220   3              b = shl(b,3) + shl(b,1); /* b = b * 10 */
 221   3              if carry then call terminate;
 223   3              b = b + (chr - '0');
 224   3              if carry then call terminate;
 226   3              call gnc;
 227   3              end;
 228   2          if (b < lb) or (b > ub) then call terminate;
 230   2          return b;
 231   2          end scan$numeric;

PL/M-80 COMPILER    CP/M 3.0 --- SHOW 3.1                                                                                   PAGE  11


 232   1      scan$delimiter: procedure(d,lb,ub) byte;
 233   2          declare (d,lb,ub) byte;
 234   2          call deblank;
 235   2          if chr <> d then call terminate;
 237   2          call gnc;
 238   2          return scan$numeric(lb,ub);
 239   2          end scan$delimiter;

 240   1      declare
                  base$year lit '78',   /* base year for computations */
                  base$day  lit '0',    /* starting day for base$year 0..6 */
                  month$size (*) byte data
                  /* jan feb mar apr may jun jul aug sep oct nov dec */
                  (   31, 28, 31, 30, 31, 30, 31, 31, 30, 31, 30, 31),
                  month$days (*) address data
                  /* jan feb mar apr may jun jul aug sep oct nov dec */
                  (  000,031,059,090,120,151,181,212,243,273,304,334);

 241   1      leap$days: procedure(y,m) byte;
 242   2          declare (y,m) byte;
                  /* compute days accumulated by leap years */
 243   2          declare yp byte;
 244   2          yp = shr(y,2); /* yp = y/4 */
 245   2          if (y and 11b) = 0 and month$days(m) < 59 then
                      /* y not 00, y mod 4 = 0, before march, so not leap yr */
 246   2              return yp - 1;
                  /* otherwise, yp is the number of accumulated leap days */
 247   2          return yp;
 248   2          end leap$days;

 249   1      declare word$value address;

 250   1      bcd:
                procedure (val) byte;
 251   2          declare val byte;
 252   2          return shl((val/10),4) + val mod 10;
 253   2        end bcd;

 254   1      declare (month, day, year, hrs, min, sec) byte;

 255   1       set$date$time: procedure;
 256   2          declare
                      (i, leap$flag) byte; /* temporaries */
 257   2          month = scan$numeric(1,12) - 1;
                  /* may be feb 29 */
 258   2          if (leap$flag := month = 1) then i = 29;
 260   2              else i = month$size(month);
 261   2          day   = scan$delimiter('/',1,i);
 262   2          year  = scan$delimiter('/',base$year,99);
                  /* ensure that feb 29 is in a leap year */
 263   2          if leap$flag and day = 29 and (year and 11b) <> 0 then
 264   2              /* feb 29 of non-leap year */ call terminate;
                  /* compute total days */
 265   2          tod.date = month$days(month)
                              + 365 * (year - base$year)
                              + day
                              - leap$days(base$year,0)
PL/M-80 COMPILER    CP/M 3.0 --- SHOW 3.1                                                                                   PAGE  12


                              + leap$days(year,month);

 266   2          tod.hrs   = bcd (scan$numeric(0,23));
 267   2          tod.min   = bcd (scan$delimiter(':',0,59));
 268   2          if tod.opcode = 2 then
                  /* date, hours and minutes only */
 269   2          do;
 270   3            if chr = ':'
                      then i = scan$delimiter (':',0,59);
 272   3            tod.sec = 0;
 273   3          end;
                  /* include seconds */
 274   2          else tod.sec   = bcd (scan$delimiter(':',0,59));

 275   2          end set$date$time;

 276   1      bcd$pair: procedure(a,b) byte;
 277   2          declare (a,b) byte;
 278   2          return shl(a,4) or b;
 279   2          end bcd$pair;


 280   1      compute$year: procedure;
                  /* compute year from number of days in word$value */
 281   2          declare year$length address;
 282   2          year = base$year;
 283   2              do forever;
 284   3              year$length = 365;
 285   3              if (year and 11b) = 0 then /* leap year */
 286   3                  year$length = 366;
 287   3              if word$value <= year$length then
 288   3                  return;
 289   3              word$value = word$value - year$length;
 290   3              year = year + 1;
 291   3              end;
 292   2          end compute$year;

 293   1      declare
                  week$day  byte, /* day of week 0 ... 6 */
                  day$list (*) byte data
                  ('Sun$Mon$Tue$Wed$Thu$Fri$Sat$'),
                  leap$bias byte; /* bias for feb 29 */

 294   1      compute$month: procedure;
 295   2          month = 12;
 296   2              do while month > 0;
 297   3              if (month := month - 1) < 2 then /* jan or feb */
 298   3                  leapbias = 0;
 299   3              if month$days(month) + leap$bias < word$value then return;
 301   3              end;
 302   2          end compute$month;

 303   1      get$date$time: procedure;
                  /* get date and time */
 304   2          hrs = tod.hrs;
 305   2          min = tod.min;
 306   2          sec = tod.sec;
PL/M-80 COMPILER    CP/M 3.0 --- SHOW 3.1                                                                                   PAGE  13


 307   2          word$value = tod.date;
                  /* word$value contains total number of days */
 308   2          week$day = (word$value + base$day - 1) mod 7;
 309   2          call compute$year;
                  /* year has been set, word$value is remainder */
 310   2          leap$bias = 0;
 311   2          if (year and 11b) = 0 and word$value > 59 then
 312   2              /* after feb 29 on leap year */ leap$bias = 1;
 313   2          call compute$month;
 314   2          day = word$value - (month$days(month) + leap$bias);
 315   2          month = month + 1;
 316   2          end get$date$time;

 317   1      emit$date$time: procedure;
 318   2          if tod.opcode = 0 then
 319   2            do;
 320   3            call emitn(.day$list(shl(week$day,2)));
 321   3            call emitchar(' ');
 322   3            end;
 323   2          call emit$slant(month);
 324   2          call emit$slant(day);
 325   2          call emit$bin$pair(year);
 326   2          call emitchar(' ');
 327   2          call emit$colon(hrs);
 328   2          call emit$colon(min);
 329   2          if tod.opcode = 0 then
 330   2            call emit$bcd$pair(sec);
 331   2          end emit$date$time;

 332   1      tod$ASCII:
                procedure (parameter);
 333   2          declare parameter address;
 334   2          declare ret address;

 335   2          ret = 0;
 336   2          tod$adr = parameter;
 337   2          string$adr = .tod.ASCII;
 338   2          if  (tod.opcode = 0) or
                      (tod.opcode = 3) then
 339   2          do;
 340   3            call get$date$time;
 341   3            index = -1;
 342   3            call emit$date$time;
 343   3          end;
                  else
 344   2          do;
 345   3            if (tod.opcode = 1) or
                       (tod.opcode = 2) then
 346   3            do;
 347   4              chr = string(index:=0);
 348   4              call set$date$time;
 349   4              ret = .string(index);
 350   4            end;
                    else
 351   3            do;
 352   4              call terminate;
 353   4            end;
PL/M-80 COMPILER    CP/M 3.0 --- SHOW 3.1                                                                                   PAGE  14


 354   3          end;
 355   2        end tod$ASCII;

              /********************************************************


                                TOD INTERFACE TO SHOW


               ********************************************************/


 356   1        declare lcltod structure (
                  opcode byte,
                  date address,
                  hrs byte,
                  min byte,
                  sec byte,
                  ASCII (21) byte );

              /*  declare extrnl$todadr address;
                declare extrnl$tod based extrnl$todadr structure (
                  date address,
                  hrs byte,
                  min byte,
                  sec byte );
              */

 357   1        declare ret address;

              /*  display$tod:
                  procedure;
                    lcltod.opcode = 0; 
                    call move (5,.extrnl$tod.date,.lcltod.date);
                    call tod$ASCII (.lcltod);
                    call write$console (0dh);
                    do i = 0 to 20;
                      call write$console (lcltod.ASCII(i));
                    end;
                  end display$tod; */

 358   1        display$ts:
                   procedure (tsadr);
 359   2           dcl i byte;
 360   2           dcl tsadr address;
 361   2           lcltod.opcode = 3;         /* display time and date stamp, no seconds */
 362   2           call move (4,tsadr,.lcltod.date);  /* don't copy seconds */
 363   2           call tod$ASCII (.lcltod);
 364   2           do i = 0 to 13;
 365   3             call printchar (lcltod.ASCII(i));
 366   3           end;       
 367   2        end display$ts;

              /******** End TOD Code ********/



PL/M-80 COMPILER    CP/M 3.0 --- SHOW 3.1                                                                                   PAGE  15



              /* * * * * * * * * * * * * * * * * * * * * * * * * * * * * * *


                                     * * *  BASIC ROUTINES * * *


               * * * * * * * * * * * * * * * * * * * * * * * * * * * * * * */


 368   1      declare
                  fcbmax literally '512'; /* max fcb count */

 369   1      declare bpb address; /* bytes per block */


 370   1      set$bpb: procedure;

 371   2          call set$dpb;                               /* disk parameters set */
 372   2          bpb = shl(double(1),blkshf) * sectorlen;

 373   2      end set$bpb;


 374   1      select$disk: procedure(d);
 375   2          declare d byte;
                                                              /* select disk and set bpb */
 376   2          call select(cdisk:=d);
 377   2          call set$bpb;                               /* bytes per block */

 378   2      end select$disk;


 379   1      getalloc: procedure(i) byte;    /* return the ith bit of the alloc vector */
 380   2          declare i address;

 381   2          return
                  rol(alloc(shr(i,3)), (i and 111b) + 1);
 382   2          end getalloc;


              /* - - - - - - - - - - - - - - - - - - - - - - - - - - - - - */


                                /* fill string @ s for c bytes with f */
 383   1      fill:   proc(s,f,c);
 384   2          dcl s addr,
                      (f,c) byte,
                      a based s byte;

 385   2              do while (c:=c-1)<>255;
 386   3              a = f;
 387   3              s = s+1;
 388   3              end;
 389   2          end fill;


PL/M-80 COMPILER    CP/M 3.0 --- SHOW 3.1                                                                                   PAGE  16


              /* * * * * * * * * * * * * * * * * * * * * * * * * * * * * * *


                                 * * *  PRINT A NUMBER  * * *


               * * * * * * * * * * * * * * * * * * * * * * * * * * * * * * */


 390   1      declare
                  val (7) byte initial(0,0,0,0,0,0,0),   /* BCD digits    */
                  fac (7) byte initial(0,0,0,0,0,0,0),   /* hibyte factor */
                  f0  (7) byte initial(6,3,5,5,6,0,0),   /*    65,536     */
                  f1  (7) byte initial(2,7,0,1,3,1,0),   /*   131,072     */
                  f2  (7) byte initial(4,4,1,2,6,2,0),   /*   262,144     */
                  f3  (7) byte initial(8,8,2,4,2,5,0),   /*   524,288     */
                  f4  (7) byte initial(6,7,5,8,4,0,1),   /* 1,048,576     */
                  f5  (7) byte initial(2,5,1,7,9,0,2),   /* 2,097,152     */
                  f6  (7) byte initial(4,0,3,4,9,1,4),   /* 4,194,304     */
                  ptr (7) address initial(.f0,.f1,.f2,.f3,.f4,.f5,.f6);



                                /* print decimal value of address v */
 391   1      pdecimal: procedure(v,prec,zerosup);
                  /* print value v with precision prec (1,10,100,1000,10000)
                  with leading zero suppression if zerosup = true */
 392   2          declare
                      v address,    /* value to print */
                      prec address, /* precision */
                      zerosup byte, /* zero suppression flag */
                      d byte;       /* current decimal digit */

 393   2              do while prec <> 0;
 394   3                      d = v / prec;           /* get next digit */
 395   3                      v = v mod prec;         /* get remainder back to v */
 396   3                      prec = prec/10;         /* ready for next digit */

 397   3                      if prec = 0 then go to pd0;
 399   3                      if d <> 0 then go to pd0;
 401   3                      if zerosup then do;
 403   4                              call printb;
 404   4                              go to pd1;
 405   4                      end;
 406   3      pd0:                    zerosup = false;
 407   3                              call printchar('0'+d);
 408   3      pd1:    end;

 409   2      end pdecimal;

              /* - - - - - - - - - - - - - - - - - - - - - - - - - - - - - */


                                /* BCD - convert 16 bit binary to 
                                   7 one byte BCD digits */
 410   1      getbcd: procedure(value);
 411   2          declare
PL/M-80 COMPILER    CP/M 3.0 --- SHOW 3.1                                                                                   PAGE  17


                      (value,prec) address,
                      i byte;

 412   2          prec = 10000;
 413   2          i = 5;                            /* digits: 4,3,2,1,0 */
 414   2              do while prec <> 0;
 415   3              val(i:=i-1) = value / prec;   /* get next digit */
 416   3              value = value mod prec;       /* remainder in value */
 417   3              prec = prec / 10;
 418   3              end;
 419   2          end getbcd;
              /* - - - - - - - - - - - - - - - - - - - - - - - - - - - - - */


                                /* print BCD number in val array */
 420   1      printbcd: procedure;
 421   2         declare 
                     (zerosup, i) byte;

 422   2         pchar: procedure(c);
 423   3             declare c byte;
 424   3             if val(i) = 0 then
 425   3                 if zerosup then 
 426   3                     if i <> 0 then do;
 428   4                         call printb;
 429   4                         return;
 430   4                         end;
                     /* else */
 431   3             call printchar(c);
 432   3             zerosup = false;
 433   3         end pchar;

 434   2         zerosup = true;
 435   2         i = 7;
 436   2             do while (i:=i-1) <> -1;
 437   3             call pchar('0'+val(i));
 438   3             if i = 6 or i = 3 then 
 439   3                 call pchar(',');
 440   3             end;
 441   2         end printbcd;
              /* - - - - - - - - - - - - - - - - - - - - - - - - - - - - - */


                                /* add two BCD numbers result in second */
 442   1      add: procedure(ap,bp);
 443   2          declare
                      (ap,bp)        address,
                      a based ap (7) byte,
                      b based bp (7) byte,
                      (c,i)          byte;

 444   2          c = 0;                               /* carry   */
 445   2              do i = 0 to 6;                   /* 0 = LSB */
 446   3              b(i) = a(i) + b(i) + c;
 447   3              c = b(i) / 10;
 448   3              b(i) = b(i) mod 10;
 449   3              end;
PL/M-80 COMPILER    CP/M 3.0 --- SHOW 3.1                                                                                   PAGE  18


 450   2          end add;
              /* - - - - - - - - - - - - - - - - - - - - - - - - - - - - - */


                                /* print 3 byte value based at byte3adr */
 451   1      p3byte: procedure(byte3adr);
 452   2         declare
                    i         byte,  
                    high$byte byte,
                    byte3adr  address,
                    b3 based  byte3adr structure (
                        lword address,
                        hbyte byte);

 453   2          call fill(.val,0,7);
 454   2          call fill(.fac,0,7);
 455   2          call getbcd(b3.lword);         /* put 16 bit value in val */
 456   2          high$byte = b3.hbyte;
 457   2              do i = 0 to 6;                 /* factor for bit i */
 458   3              if high$byte then              /* LSB is 1 */
 459   3                  call add(ptr(i),.fac);     /* add in factor */
 460   3              high$byte = shr(high$byte,1);  /* get next bit  */
 461   3              end;
 462   2          call add(.fac,.val);              /* add factor to value */
 463   2          call printbcd;                    /* print value */
 464   2          end p3byte;


                      /* divide 3 byte value by 8 */
 465   1      shr3byte: procedure(byte3adr);
 466   2            dcl byte3adr address,
                        b3 based byte3adr structure (
                        lword address,
                        hbyte byte),
                        temp1 based byte3adr (2) byte,
                        temp2 byte;

 467   2              temp2  = ror(b3.hbyte,3) and 11100000b;  /* get 3 bits */
 468   2              b3.hbyte = shr(b3.hbyte,3);
 469   2              b3.lword = shr(b3.lword,3);
 470   2              temp1(1) = temp1(1) or temp2;   /* or in 3 bits from hbyte */
 471   2              end shr3byte;


                      /* multiply 3 byte value by #records per block */
 472   1      shl3byte: procedure(byte3adr);
 473   2            dcl byte3adr address,
                        b3 based byte3adr structure (
                        lword address,
                        hbyte byte),
                        temp1 based byte3adr (2) byte;

 474   2              b3.hbyte = (rol(temp1(1),blkshf) and blkmsk) or shl(b3.hbyte,blkshf);
 475   2              b3.lword = shl(b3.lword,blkshf);
 476   2              end shl3byte;


PL/M-80 COMPILER    CP/M 3.0 --- SHOW 3.1                                                                                   PAGE  19


 477   1      show$drive: procedure;

 478   2              call printchar(cdisk+'A');
 479   2              call printx(.(': ',0));

 480   2      end show$drive;




              /* * * * * * * * * * * * * * * * * * * * * * * * * * * * * * *


                              * * *  CALCULATE SIZE  * * *


               * * * * * * * * * * * * * * * * * * * * * * * * * * * * * * */


 481   1      add$block: procedure(ak,ab);
 482   2          declare (ak, ab) address;
                  /* add one block to the kilobyte accumulator */
 483   2          declare kaccum based ak address; /* kilobyte accum */
 484   2          declare baccum based ab address; /* byte accum */
 485   2          baccum = baccum + bpb;
 486   2              do while baccum >= 1024;
 487   3              baccum = baccum - 1024;
 488   3              kaccum = kaccum + 1;
 489   3              end;
 490   2          end add$block;

 491   1      count: procedure(mode) address;
 492   2          declare mode byte; /* true if counting 0's */
                  /* count kb remaining, kaccum set upon exit */
 493   2          declare
                      ka  address,  /* kb accumulator */
                      ba  address,  /* byte accumulator */
                      i   address,  /* local index */
                      bit byte;     /* always 1 if mode = false */
 494   2          ka, ba = 0;
 495   2          bit = 0;
 496   2              do i = 0 to maxall;
 497   3              if mode then bit = getalloc(i);
 499   3              if not bit then call add$block(.ka,.ba);
 501   3              end;
 502   2          return ka;
 503   2          end count;




              /* * * * * * * * * * * * * * * * * * * * * * * * * * * * * * *


                               * * *  STATUS ROUTINES  * * *


PL/M-80 COMPILER    CP/M 3.0 --- SHOW 3.1                                                                                   PAGE  20


               * * * * * * * * * * * * * * * * * * * * * * * * * * * * * * */



                                                /* characteristics of current drive */
 504   1      drivestatus: procedure;
 505   2            dcl b3a address,
                        b3 based b3a structure (
                           lword address,
                           hbyte byte),

                        psize address;


                                               /* print 3 byte value */
 506   2          pv3: procedure;
 507   3               call crlf;
 508   3               call p3byte(.dirbuf);
 509   3               call printchar(':');
 510   3               call printb;
 511   3          end pv3;

                                               /* print address value v */
 512   2           pv: procedure(v);
 513   3               dcl v address;
 514   3               b3.hbyte = 0;
 515   3               b3.lword = v;
 516   3               call pv3;
 517   3           end pv;

                  /* print the characteristics of the currently selected drive */

 518   2          b3a = .dirbuf;
 519   2          call print(.('        ',0));
 520   2          call show$drive;
 521   2          call printx(.('Drive Characteristics',0));
 522   2          b3.hbyte = 0;
 523   2          b3.lword = maxall + 1;       /* = # blocks */
 524   2          call shl3byte(.dirbuf);        /* # blocks * records/block */
 525   2          call pv3;
 526   2          call printx(.('128 Byte Record Capacity',0));
 527   2          call shr3byte(.dirbuf);        /* divide by 8 */
 528   2          call pv3;
 529   2          call printx(.('Kilobyte Drive  Capacity',0));
 530   2          call pv(dirmax+1);
 531   2          call printx(.('32 Byte  Directory Entries',0));
 532   2          call pv(shl(chksiz,2));
 533   2          call printx(.('Checked  Directory Entries',0));
 534   2          call pv((extmsk+1) * 128);
 535   2          call printx(.('Records / Directory Entry',0));
 536   2          call pv(shl(double(1),blkshf));
 537   2          call printx(.('Records / Block',0));
 538   2          call pv(scptrk);
 539   2          call printx(.('Sectors / Track',0));
 540   2          call pv(offset);
 541   2          call printx(.('Reserved  Tracks',0));

PL/M-80 COMPILER    CP/M 3.0 --- SHOW 3.1                                                                                   PAGE  21


 542   2              psize = 128;            /* 2**psh * 128 */
 543   2              if physhf > 0 then psize = shl(psize,physhf);

 545   2              call pv(psize);
 546   2              call printx(.('Bytes / Physical Record',0));
 547   2              call crlf;

 548   2          end drivestatus;
              /* - - - - - - - - - - - - - - - - - - - - - - - - - - - - - */


              /* * * * * * * * * * * * * * * * * * * * * * * * * * * * * * *


                                     * * *  DISK STATUS  * * *


               * * * * * * * * * * * * * * * * * * * * * * * * * * * * * * */


 549   1      pvalue: procedure(v);
 550   2          declare (d,zero) byte,
                      (k,v) address;
 551   2          k = 10000;
 552   2          zero = false;
 553   2              do while k <> 0;
 554   3              d = low(v/k); v = v mod k;
 556   3              k = k / 10;
 557   3              if zero or k = 0 or d <> 0 then
 558   3                   do; zero = true; call printchar('0'+d);
 561   4                   end;
 562   3              end;
 563   2          end pvalue;


 564   1      prcount: procedure;

                  /* print the actual byte count */
 565   2          if cversion < mpm then do;
 567   3              alloca = getalloca;
 568   3              call pvalue(count(true));
 569   3              end;
 570   2          else do;
 571   3              call setdma(.dirbuf);
 572   3              call getfreesp(cdisk);
 573   3              call shr3byte(.dirbuf);
 574   3              call p3byte(.dirbuf);
 575   3              end; 
 576   2          call printchar('k');
 577   2          end prcount;

 578   1      stat: procedure(rodisk);
 579   2              declare rodisk address;

 580   2              call crlf;
 581   2              call show$drive;
 582   2              call printchar('R');
PL/M-80 COMPILER    CP/M 3.0 --- SHOW 3.1                                                                                   PAGE  22


 583   2              if low(rodisk) then
 584   2                  call printchar('O'); else
 585   2                  call printchar('W');
 586   2              call printx(.(', Space: ',0));
 587   2              call prcount;
 588   2              end stat;

 589   1      prstatus: procedure;            /* print the status of the disk system */
 590   2          declare (login, rodisk) address;
 591   2          declare (d,save) byte;

 592   2              if once$only then return;               /* only execute this once if 
                                                                 all was specified > 1 */

 594   2              save = cdisk;
 595   2              login = getlogin;                       /* login vector set */
 596   2              rodisk = getrodisk;                     /* read only disk vector set */

 597   2              d = 0;
 598   2              do while login <> 0;
 599   3                      if low(login) then do; 
 601   4                              if not all then do;     /* do specified disk */
 603   5                                 if d = save then call stat(rodisk);
 605   5                              end;

 606   4                              else do;
 607   5                                      call select$disk(d);    /* do all disks */
 608   5                                      call stat(rodisk);              
 609   5                              end;
 610   4                      end;

 611   3                      login = shr(login,1); rodisk = shr(rodisk,1);
 613   3                      d = d + 1;
 614   3              end;

 615   2              if all then once$only = true;
 617   2              call crlf;

 618   2          end prstatus;




              /* * * * * * * * * * * * * * * * * * * * * * * * * * * * * * *


                              * * *  USER STATUS * * *


               * * * * * * * * * * * * * * * * * * * * * * * * * * * * * * */


 619   1      prdir: procedure;

 620   2              call crlf;
 621   2              call crlf;
 622   2              call show$drive;
PL/M-80 COMPILER    CP/M 3.0 --- SHOW 3.1                                                                                   PAGE  23



 623   2              if nSFCB > 0 then do;
 625   3                      call printx(.('Number of time/date directory entries: ',0));
 626   3                      call pdecimal(nSFCB,1000,true);
 627   3                      call crlf;
 628   3                      call show$drive;
 629   3              end;

 630   2              call printx(.('Number of free directory entries:      ',0));
 631   2              call pdecimal(free$dir,1000,true);
 632   2              call crlf;

 633   2      end prdir;


 634   1      get$usr$files: procedure;
 635   2              declare ufcb(*) byte data ('????????????',0,0,0),
                              (i,j)   byte,
                              nfcbs   address,
                              extptr  address,
                              modptr  address,
                              fmod    based modptr byte,
                              fext    based extptr byte;

 636   2              do i = 0 to 15;
 637   3                      user(i),used(i) = 0;
 638   3              end;
 639   2              nSFCB = 0;

 640   2              call setdma(.dirbuf);
 641   2              call search(.ufcb);
 642   2              nfcbs = 0;

 643   2              do while dcnt <> 255;
 644   3                      j = shl(dcnt,5);                /* which fcb in dirbuf */

 645   3      ge0:            if (i := dirbuf(j)) <> 0e5h then do;
 647   4                        if i <> 33 then do;           /* SFCB ? */
 649   5                              extptr = .dirbuf(j + 12);
 650   5                              modptr = extptr + 2;
 651   5                              nfcbs = nfcbs + 1;
 652   5                              j = i;                  /* save for xfcb test */
 653   5                              user(i := i and 0fh) = true;

 654   5                              if j > 15 then go to ge2;
 656   5                              if fext > extmsk then go to ge2;
 658   5                              if fmod = 0 then used(i) = used(i) + 1;
 660   5                        end;
 661   4                        else nSFCB = nSFCB + 1;
 662   4                      end;

 663   3      ge2:            call searchn;
 664   3              end;

 665   2              done$drive(cdisk) = true;
 666   2              if nSFCB > 0 then nSFCB = shr(dirmax+1,2);      /* because search ends
                                                                         at high water mark*/
PL/M-80 COMPILER    CP/M 3.0 --- SHOW 3.1                                                                                   PAGE  24


 668   2              free$dir = ((dirmax + 1) - nSFCB) - nfcbs;

 669   2      end get$usr$files;


 670   1      userstatus: procedure;          /* display active user numbers */
 671   2          declare i byte;

 672   2              call crlf;
 673   2              call show$drive;
 674   2              call printx(.('Active User : ',0));
 675   2              call pdecimal(getuser,1000,true);
 676   2              call crlf;
 677   2              call show$drive;
 678   2              call printx(.('Active Files: ',0));

 679   2              if not done$drive(cdisk) then call get$usr$files;

 681   2              do i = 0 to last(user);
 682   3                      if user(i) then call pdecimal(i,1000,true);
 684   3              end;

 685   2              call crlf;
 686   2              call show$drive;
 687   2              call printx(.('# of files  : ',0));
 688   2              do i = 0 to last(user);
 689   3                      if user(i) then call pdecimal(used(i),1000,true);
 691   3              end;

 692   2              call prdir;

 693   2      end userstatus;



              /* * * * * * * * * * * * * * * * * * * * * * * * * * * * * * *


                          * * *  DISK & FILE STATUS * * *


               * * * * * * * * * * * * * * * * * * * * * * * * * * * * * * */



 694   1      directory: procedure;

 695   2              if not done$drive(cdisk) then call get$usr$files;
 697   2              call prdir;

 698   2      end directory;

              /*******************************************************

                              L A B E L   S T A T U S

              ********************************************************/
PL/M-80 COMPILER    CP/M 3.0 --- SHOW 3.1                                                                                   PAGE  25



 699   1      readlbl: proc(relog);
 700   2              declare relog   byte,
                              d       byte data('?');

 701   2          call setdma(.dirbuf);
 702   2          call search(.d);
 703   2          if relog > 0 then return;

 705   2          do while dcnt <> 0ffH;
 706   3              if dirbuf(ror(dcnt,3) and 110$0000b)=20H then return;
 708   3              call searchn;
 709   3          end;

 710   2      end readlbl;

              /* HEADER */

 711   1      dcl label1 (*) byte data (
              'Directory     Passwds  Stamp   Stamp',0);
 712   1      dcl label2 (*) byte data (
              'Label         Reqd     ',0);
 713   1      dcl label3 (*) byte data (
                                                  '  Update  Label Created   Label Updated',0)

              ;
 714   1      dcl label4 (*) byte data (
              '------------  -------  ------  ------  --------------  --------------',0

              );


 715   1      labelstatus: procedure;
 716   2          dcl lbl             byte;
 717   2          dcl fnam lit '11';
 718   2          dcl ftyp lit '9';
 719   2          dcl fcbp address;
 720   2          dcl fcbv based fcbp (32) byte;      /* template over dirbuf */

 721   2        printfn: proc;                        /* print file name */
 722   3              declare k byte;

 723   3              do k = 1 to fnam;
 724   4                      if k = ftyp then 
 725   4                          call printchar('.');
 726   4                      call printchar(fcbv(k) and 7fh);
 727   4              end;
 728   3        end printfn;


 729   2          lbl = getlbl(cdisk);
 730   2          if lbl > 0 then do;
 732   3              call readlbl(0);
 733   3              fcbp = shl(dcnt,5) + .dirbuf;

 734   3              call print(.('Label for drive ',0));    /* print heading */
 735   3              call show$drive;
PL/M-80 COMPILER    CP/M 3.0 --- SHOW 3.1                                                                                   PAGE  26


 736   3              call crlf;
 737   3              call print(.label1);
 738   3              call print(.label2);
 739   3              if (lbl and 40h) = 40h then
 740   3                  call printx(.('Access',0));
                      else
 741   3                  call printx(.('Create',0));
 742   3              call printx(.label3);
 743   3              call print(.label4);
 744   3              call crlf;
 745   3              call printfn;
 746   3              if not NONBANK and ((lbl and 80h) = 80h) then
 747   3                  call printx(.('    on   ',0));
                      else
 748   3                  call printx(.('    off  ',0));

 749   3              if (lbl and 40h) = 40h then
 750   3                  call printx(.('   on   ',0));
 751   3              else if(lbl and 10h) = 10h then
 752   3                  call printx(.('   on   ',0));
 753   3              else call printx(.('   off  ',0));

 754   3              if (lbl and 20h) = 20h then
 755   3                  call printx(.('   on ',0));
                      else
 756   3                  call printx(.('   off',0));

 757   3              call printx(.('    ',0));
 758   3              call display$ts(.fcbv(24));
 759   3              call printx(.('  ',0));
 760   3              call display$ts(.fcbv(28));
 761   3              end;
 762   2          else do;
 763   3              call e$print(.err$nolabel);
 764   3              call printchar(cdisk+'A');
 765   3          end;

 766   2          call crlf;

 767   2      end labelstatus;


PL/M-80 COMPILER    CP/M 3.0 --- SHOW 3.1                                                                                   PAGE  27


              $eject
              /* * * * * * * * * * * * * * * * * * * * * * * * * * * * * * *


                                  * * *  Option scanner  * * *


               * * * * * * * * * * * * * * * * * * * * * * * * * * * * * * */


 768   1      separator: procedure(character) byte;

                                                      /* determines if character is a 
                                                         delimiter and which one */
 769   2              declare k       byte,
                              character       byte;

 770   2              k = 1;
 771   2      loop:   if delimiters(k) = end$list then return(0);
 773   2              if delimiters(k) = character then return(k);    /* null = 25 */
 775   2                      k = k + 1;
 776   2                      go to loop;

 777   2      end separator;

 778   1      opt$scanner:    procedure(list$ptr,off$ptr) byte;
                                                      /* scans the list pointed at by idxptr
                                                         for any strings that are in the 
                                                         list pointed at by list$ptr.
                                                         Offptr points at an array that 
                                                         contains the indices for the known
                                                         list. Idxptr points at the index 
                                                         into the list. If the input string
                                                         is unrecognizable then the index is
                                                         0, otherwise > 0.

                                                      First, find the string in the known
                                                      list that starts with the same first 
                                                      character.  Compare up until the next
                                                      delimiter on the input. if every input
                                                      character matches then check for 
                                                      uniqueness.  Otherwise try to find 
                                                      another known string that has its first
                                                      character match, and repeat.  If none
                                                      can be found then return invalid.

                                                      To test for uniqueness, start at the 
                                                      next string in the knwon list and try
                                                      to get another match with the input.
                                                      If there is a match then return invalid.

                                                      else move pointer past delimiter and 
                                                      return.

                                              P.Balma         */

 779   2              declare
PL/M-80 COMPILER    CP/M 3.0 --- SHOW 3.1                                                                                   PAGE  28


                              buff            based buf$ptr (1) byte,
                              off$ptr         address,
                              list$ptr        address;

 780   2              declare
                              i               byte,
                              j               byte,
                              list            based list$ptr (1) byte,
                              offsets         based off$ptr (1) byte,
                              wrd$pos         byte,
                              character       byte,
                              letter$in$word  byte,
                              found$first     byte,
                              start           byte,
                              index           byte,
                              save$index      byte,
                              (len$new,len$found)     byte,
                              valid           byte;

              /*****************************************************************************/
              /*                      internal subroutines                                 */
              /*****************************************************************************/

 781   2      check$in$list: procedure;
                                              /* find known string that has a match with 
                                                 input on the first character.  Set index
                                                 = invalid if none found.   */
                                      
 782   3              declare i       byte;

 783   3              i = start;
 784   3              wrd$pos = offsets(i);
 785   3              do while list(wrd$pos) <> end$list;
 786   4                      i = i + 1;
 787   4                      index = i;
 788   4                      if list(wrd$pos) = character then return;
 790   4                      wrd$pos = offsets(i);
 791   4              end;
                                      /* could not find character */
 792   3              index = 0;
 793   3              return;
 794   3      end check$in$list;

 795   2      setup:  procedure;
 796   3              character = buff(0);
 797   3              call check$in$list;
 798   3              letter$in$word = wrd$pos;
                                      /* even though no match may have occurred, position
                                         to next input character.  */
 799   3              i = 1;
 800   3              character = buff(1);
 801   3      end setup;

 802   2      test$letter:    procedure;
                                      /* test each letter in input and known string */

 803   3              letter$in$word = letter$in$word + 1;
PL/M-80 COMPILER    CP/M 3.0 --- SHOW 3.1                                                                                   PAGE  29



                                                      /* too many chars input? 0 means
                                                         past end of known string */
 804   3              if list(letter$in$word) = end$of$string then valid = false;
                      else
 806   3              if list(letter$in$word) <> character then valid = false;

                      i = i + 1;
 809   3              character = buff(i);

 810   3      end test$letter;

 811   2      skip:   procedure;
                                                      /* scan past the offending string;
                                                         position buf$ptr to next string...
                                                         skip entire offending string;
                                                         ie., falseopt=mod, [note: comma or
                                                         space is considered to be group 
                                                         delimiter] */
 812   3              character = buff(i);
 813   3              delimiter = separator(character);
 814   3              do while ((delimiter <> 2) and (delimiter <> 4) and (delimiter <> 5)
                                 and (delimiter <> 25));
 815   4                      i = i + 1;
 816   4                      character = buff(i);
 817   4                      delimiter = separator(character);
 818   4              end;
 819   3              endbuf = i;
 820   3              buf$ptr = buf$ptr + endbuf + 1;
 821   3              return;
 822   3      end skip;

 823   2      eat$blanks: procedure;

 824   3              declare charac  based buf$ptr byte;


 825   3              do while(delimiter := separator(charac)) = SPACE;
 826   4                      bufptr = buf$ptr + 1;
 827   4              end;

 828   3      end eat$blanks;

              /*****************************************************************************/
              /*                      end of internals                                     */
              /*****************************************************************************/


                                                      /* start of procedure */
 829   2              call eat$blanks;
 830   2              start = 0;
 831   2              call setup;

                                                      /* match each character with the option
                                                         for as many chars as input 
                                                         Please note that due to the array
                                                         indices being relative to 0 and the
PL/M-80 COMPILER    CP/M 3.0 --- SHOW 3.1                                                                                   PAGE  30


                                                         use of index both as a validity flag
                                                         and as a index into the option/mods
                                                         list, index is forced to be +1 as an
                                                         index into array and 0 as a flag*/

 832   2              do while index <> 0;
 833   3                      start = index;
 834   3                      delimiter = separator(character);

                                                      /* check up to input delimiter */

 835   3                      valid = true;           /* test$letter resets this */
 836   3                      do while delimiter = 0;
 837   4                              call test$letter;
 838   4                              if not valid then go to exit1;
 840   4                              delimiter = separator(character);
 841   4                      end;

 842   3                      go to good;

                                                      /* input ~= this known string;
                                                         get next known string that 
                                                         matches */
 843   3      exit1:          call setup;
 844   3              end;
                                                      /* fell through from above, did
                                                         not find a good match*/
 845   2              endbuf = i;                     /* skip over string & return*/
 846   2              call skip;
 847   2              return(index);

                                                      /* is it a unique match in options
                                                         list? */
 848   2      good:   endbuf = i;
 849   2              len$found = endbuf;
 850   2              save$index = index;
 851   2              valid = false;
 852   2      next$opt:
                              start = index;
 853   2                      call setup;
 854   2                      if index = 0 then go to finished;

                                                      /* look at other options and check
                                                         uniqueness */

 856   2                      len$new = offsets(index + 1) - offsets(index) - 1;
 857   2                      if len$new = len$found then do;
 859   3                              valid = true;
 860   3                              do j = 1 to len$found;
 861   4                                      call test$letter;
 862   4                                      if not valid then go to next$opt;
 864   4                              end;
 865   3                      end;
 866   2                      else go to nextopt;
                                                      /* fell through...found another valid
                                                         match --> ambiguous reference */
 867   2              index = 0;
PL/M-80 COMPILER    CP/M 3.0 --- SHOW 3.1                                                                                   PAGE  31


 868   2              call skip;              /* skip input field to next delimiter*/
 869   2              return(0);

 870   2      finished:                       /* unambiguous reference */
                      index = save$index;
 871   2              buf$ptr = buf$ptr + endbuf;
 872   2              call eat$blanks;
 873   2              if delimiter <> 0 then  buf$ptr = buf$ptr + 1;
 875   2              else delimiter = SPACE;
 876   2              return(index);

 877   2      end opt$scanner;

 878   1      error$prt:      procedure;
 879   2              declare i       byte,
                              t       address,
                              char    based t byte;

 880   2              t = buf$ptr - endbuf - 1;
 881   2              do i = 1 to endbuf;
 882   3                      call printchar(char);
 883   3                      t = t + 1;
 884   3              end;

 885   2      end error$prt;

PL/M-80 COMPILER    CP/M 3.0 --- SHOW 3.1                                                                                   PAGE  32


              $eject
              /* * * * * * * * * * * * * * * * * * * * * * * * * * * * * * *


                                  * * *  EXECUTE * * *


               * * * * * * * * * * * * * * * * * * * * * * * * * * * * * * */

 886   1      do$option: procedure(i);
 887   2              declare i       byte;


 888   2                      if opt$map(i).option(opt$space) <> 0 then call prstatus;
 890   2                      if opt$map(i).option(opt$label) <> 0 then call labelstatus;
 892   2                      if opt$map(i).option(opt$drive) <> 0 then call drivestatus;
 894   2                      if opt$map(i).option(opt$user) <> 0 then call userstatus;
 896   2                      if opt$map(i).option(opt$dir) <> 0 then call directory;

 898   2      end do$option;

PL/M-80 COMPILER    CP/M 3.0 --- SHOW 3.1                                                                                   PAGE  33


              $eject

              /* * * * * * * * * * * * * * * * * * * * * * * * * * * * * * *


                                  * * *  PARSING  * * *


               * * * * * * * * * * * * * * * * * * * * * * * * * * * * * * */

 899   1      declare         character       based buf$ptr byte;

 900   1      setdef$drive: procedure;

 901   2              if drive = 0ffh then do;
 903   3                      drive = cdisk;
 904   3                      drives(drive) = drive;
 905   3              end;

 906   2              return;

 907   2      end setdef$drive;


 908   1      parseoptions: procedure byte;
                                              /* find all options within [...] */

 909   2              buf$ptr = buf$ptr + 1;
 910   2              delimiter = separator(character);
 911   2              call setdef$drive;

 912   2              if delimiter = 0 then go to preloop;
 914   2              if delimiter <> RBRACKET then 
 915   2                 if delimiter <> EOS then go to preloop;

                                                                      /* [], turn on space */
 917   2              opt$map(drive).option(opt$space) = 1;
 918   2              buf$ptr = buf$ptr + 1;
 919   2              return(2);

 920   2      preloop:
                      if opt$map(drive).option(opt$space) = 0ffh then /* reset forced space*/
 921   2                      opt$map(drive).option(opt$space) = 0;

 922   2      loop:   if (opt$index := optscanner(.options,.off$opt)) = 0 then go to error;

 924   2              if opt$index = opt$page then PAGE = true;
 926   2              else if opt$index = opt$nopage then PAGE = false;
 928   2              else opt$map(drive).option(opt$index - 1) = 1;

 929   2              go to looptest;

 930   2      error:  call e$print(.err$unrecopt);
 931   2              call print(.eoption);
 932   2              call error$prt;

 933   2      looptest:
PL/M-80 COMPILER    CP/M 3.0 --- SHOW 3.1                                                                                   PAGE  34


                      if delimiter = EOS then return(25);
 935   2              if delimiter = RBRACKET then return(2);

 937   2              go to loop;

 938   2      end parseoptions;

 939   1      parsedir: procedure;

 940   2              declare dirindex        byte;

 941   2              if (dir$index := optscanner(.dirs,.off$dirs)) = 0 then go to error1;

 943   2                      drive = dir$index - 1;
 944   2                      drives(drive) = drive;
 945   2                      opt$map(drive).option(opt$space) = 0ffh;/* only drive:,reset
                                                                         if other options and
                                                                         not space picked */
 946   2                      if delimiter <> COLON then buf$ptr = buf$ptr - 1;

 948   2              return;

 949   2      error1: call e$print(.err$unrecd);
 950   2      dprint: call print(.dirdrive);
 951   2              call error$prt;
 952   2              call terminate;

 953   2      end parsedir;


 954   1      parser: procedure;

 955   2              drive = 0ffh;

 956   2              if (delimiter := separator(character)) = EOS then do;
 958   3                      call setdef$drive;
 959   3                      opt$map(drive).option(opt$space) = 1;           /* default*/
 960   3                      all = true;
 961   3                      return;
 962   3              end;

 963   2      loop:   if delimiter = LBRACKET then delimiter = parseoptions;
 965   2              else if delimiter = 0 then call parsedir;

 967   2              else do;
 968   3                      if delimiter <> COMMA then
 969   3                      if delimiter <> SPACE then go to error;

 971   3                      drive = 0ffh;
 972   3                      buf$ptr = buf$ptr + 1;
 973   3              end;


 974   2      looptest:
                      if delimiter <> EOS then
 975   2                 if (delimiter := separator(character)) <> EOS then go to loop;

PL/M-80 COMPILER    CP/M 3.0 --- SHOW 3.1                                                                                   PAGE  35


 977   2              return;

 978   2      error:  call e$print(.err$input);
 979   2              call print(.input);
 980   2              call error$prt;
 981   2              call terminate;

 982   2      end parser;

PL/M-80 COMPILER    CP/M 3.0 --- SHOW 3.1                                                                                   PAGE  36


              $eject
              /*************************************************************************


                                      ***  MAIN PROGRAM  ***


              **************************************************************************/

 983   1              declare
                              i       byte initial(1);

 984   1              plm:
                              cversion = get$version;
 985   1                      if cversion < mpm then call e$print(.err$version);
 987   1                      else do;

 988   2                              do while buff(i) = ' ';
 989   3                                      i = i + 1;
 990   3                              end;
 991   2                              buf$ptr = .buff(i);

 992   2                              cdisk = cselect;
 993   2                              user$code = getuser;

 994   2                              do i = 0 to 15;
 995   3                                      drives(i) = 0ffh;
 996   3                              end;

 997   2                              if getpagemode = 0 then PAGE = true;
 999   2                              line$page = getpage;
1000   2                              line$out = 0;
1001   2                              if getNB = 0 then NONBANK = true;

1003   2                              call parser;

1004   2                              do i = 0 to 15;
1005   3                                      if (drive := drives(i)) <> 0ffh then do;
1007   4                                              call select$disk(drives(i));
1008   4                                              call readlbl(1); /* force login
                                                                          by wild card drive
                                                                          search.  */
1009   4                                              call do$option(i);
1010   4                                      end;
1011   3                              end;

1012   2                      end;
1013   1                      call terminate;

1014   1      end;



MODULE INFORMATION:

     CODE AREA SIZE     = 1CDFH   7391D
     VARIABLE AREA SIZE = 026CH    620D
PL/M-80 COMPILER    CP/M 3.0 --- SHOW 3.1                                                                                   PAGE  37


     MAXIMUM STACK SIZE = 0016H     22D
     1877 LINES READ
     0 PROGRAM ERROR(S)

END OF PL/M-80 COMPILATION
