		; Boot Module for H17
			maclib	ram
**** ram.lib ****
**** bh17.asm ****
			maclib	core
**** core.lib ****
**** bh17.asm ****
			maclib	z80
**** z80.lib ****
**** bh17.asm ****
		
1800          		org	01800h	; H17 Floppy ROM routines
1800          		ds	1014
1BF6          	R$ABORT: ds	35	;00011011.11110110	033.366	R.ABORT
1C19          	CLOCK:	ds	38	;00011100.00011001	034.031 CLOCK
1C3F          	R$READ:	ds	499	;00011100.00111111	034.077	R.READ
1E32          	R$SDP:	ds	107	;			034.062 R.SDP
1E9D          	R$WHD:	ds	28	;00011110.10011101	036.235	R.WHD
1EB9          	R$WNH:	ds	161	;00011110.10111001	036.271	R.WNH
1F5A          	R$CONST: ds	88	;00011111.01011010	037.132	R.CONST
		
1000          		org	1000h
1000  01      	first:	db	HIGH (last-first)	; +0: num pages
1001  10      		db	HIGH first		; +1: ORG page
1002  0003    		db	0,3	; +2,+3: phy drv base, num
		
1004  C31410  		jmp	init	; +4: init entry
1007  C31610  		jmp	boot	; +7: boot entry
		
100A  42      		db	'B'	; +10: Boot command letter
100B  00      		db	0	; +11: front panel key
100C  7C      		db	7ch	; +12: port, 0 if variable
100D  92F3F1  		db	10010010b,11110011b,11110001b	; +13: FP display ("H17")
1010  48313700		db	'H17',0	; +16: mnemonic string
		
1014  AF      	init:	xra	a	; NC
1015  C9      		ret
		
1016  7A      	boot:	mov	a,d
1017  83      		add	e
1018  FE03    		cpi	3
101A  D0      		rnc	; invalid Z17 drive
101B  DBF2    		in	0f2h
101D  E603    		ani	00000011b
101F  C0      		rnz		; no Z17 installed
1020  3E7C    		mvi	a,07ch
1022  325021  		sta	cport
1025  215010  		lxi	h,m$sdp
1028  228620  		shld	D$CONST+62
102B  3E0A    		mvi	a,10
102D  47      		mov	b,a	; B = 10, one full revolution?
102E  CD4100  		call	take$A	; error after 10 seconds...
1031  CD5010  		call	m$sdp	; hacked R.SDP - setup dev parms (select drive)
1034          	bz17$0:
1034  CD9D1E  		call	R$WHD	; WHD - wait hole detect
1037  CDB91E  		call	R$WNH	; WNH - wait no hole
103A  10F8    		djnz	bz17$0	; essentially hang until user inserts a disk...
103C  CDF61B  		call	R$ABORT	; R.ABORT - reset everything
103F  118022  		lxi	d,bootbf	; DMA address
1042  010009  		lxi	b,00900h	; B = 9 (num sectors), C = 0 (residual bytes to read)
1045  210000  		lxi	h,0		; track/sector number to start
1048  CD3F1C  		call	R$READ
104B  D8      		rc
104C  E1      		pop	h
104D  C33E00  		jmp	hxboot
		
		; hack to support 3 drives on H17
1050          	m$sdp:
1050  3E0A    		mvi	a,10
1052  32B420  		sta	DECNT
1055  3A3121  		lda	AIO$UNI
1058  F5      		push	psw	; 0,1,2
1059  C6FE    		adi	-2	;
105B  CE03    		aci	3	; 1,2,4
105D  C33C1E  		jmp	R$SDP+10	; hacked R.SDP for 3-drives
		
1060  FFFFFFFF		rept	(($+0ffh) and 0ff00h)-$
      FFFFFFFF
      FFFFFFFF
      FFFFFFFF
      FFFFFFFF
      FFFFFFFF
      FFFFFFFF
      FFFFFFFF
      FFFFFFFF
      FFFFFFFF
      FFFFFFFF
      FFFFFFFF
      FFFFFFFF
      FFFFFFFF
      FFFFFFFF
      FFFFFFFF
      FFFFFFFF
      FFFFFFFF
      FFFFFFFF
      FFFFFFFF
      FFFFFFFF
      FFFFFFFF
      FFFFFFFF
      FFFFFFFF
      FFFFFFFF
      FFFFFFFF
      FFFFFFFF
      FFFFFFFF
      FFFFFFFF
      FFFFFFFF
      FFFFFFFF
      FFFFFFFF
      FFFFFFFF
      FFFFFFFF
      FFFFFFFF
      FFFFFFFF
      FFFFFFFF
      FFFFFFFF
      FFFFFFFF
      FFFFFFFF
0000          	if ($ > 1800h)
		endif
		
1100          	last:	end



Statistics:

     4	passes
     0	jr promotions
    80	symbols
   256	bytes

   163	macro calls
  3759	macro bytes
     0	invented symbols
