		; Boot Module for H47
			maclib	ram
**** ram.lib ****
**** bh47.asm ****
			maclib	core
**** core.lib ****
**** bh47.asm ****
			maclib	z80
**** z80.lib ****
**** bh47.asm ****
		
1000          		org	1000h
1000  01      	first:	db	HIGH (last-first)	; +0: num pages
1001  10      		db	HIGH first		; +1: ORG page
1002  0504    		db	5,4	; +2,+3: phy drv base, num
		
1004  C31410  		jmp	init	; +4: init entry
1007  C31610  		jmp	boot	; +7: boot entry
		
100A  44      		db	'D'	; +10: Boot command letter
100B  01      		db	1	; +11: front panel key
100C  00      		db	0	; +12: port, 0 if variable
100D  92B2F1  		db	10010010b,10110010b,11110001b	; +13: FP display ("H47")
1010  48343700		db	'H47',0	; +16: mnemonic string
		
1014  AF      	init:	xra	a	; NC
1015  C9      		ret
		
1016  C9      	boot:	ret
		
1017  FFFFFFFF		rept	(($+0ffh) and 0ff00h)-$
      FFFFFFFF
      FFFFFFFF
      FFFFFFFF
      FFFFFFFF
      FFFFFFFF
      FFFFFFFF
      FFFFFFFF
      FFFFFFFF
      FFFFFFFF
      FFFFFFFF
      FFFFFFFF
      FFFFFFFF
      FFFFFFFF
      FFFFFFFF
      FFFFFFFF
      FFFFFFFF
      FFFFFFFF
      FFFFFFFF
      FFFFFFFF
      FFFFFFFF
      FFFFFFFF
      FFFFFFFF
      FFFFFFFF
      FFFFFFFF
      FFFFFFFF
      FFFFFFFF
      FFFFFFFF
      FFFFFFFF
      FFFFFFFF
      FFFFFFFF
      FFFFFFFF
      FFFFFFFF
      FFFFFFFF
      FFFFFFFF
      FFFFFFFF
      FFFFFFFF
      FFFFFFFF
      FFFFFFFF
      FFFFFFFF
      FFFFFFFF
      FFFFFFFF
      FFFFFFFF
      FFFFFFFF
      FFFFFFFF
      FFFFFFFF
      FFFFFFFF
      FFFFFFFF
      FFFFFFFF
      FFFFFFFF
      FFFFFFFF
      FFFFFFFF
      FFFFFFFF
      FFFFFFFF
      FFFFFFFF
      FFFFFFFF
      FFFFFFFF
      FFFFFFFF
      FF
0000          	if ($ > 1800h)
		endif
		
1100          	last:	end



Statistics:

     4	passes
     0	jr promotions
    69	symbols
   256	bytes

   233	macro calls
  3759	macro bytes
     0	invented symbols
