		; Boot Module for H67
			maclib	ram
**** ram.lib ****
**** bh67.asm ****
			maclib	core
**** core.lib ****
**** bh67.asm ****
			maclib	z80
**** z80.lib ****
**** bh67.asm ****
		
1000          		org	1000h
1000  01      	first:	db	HIGH (last-first)	; +0: num pages
1001  10      		db	HIGH first		; +1: ORG page
1002  0302    		db	3,2	; +2,+3: phy drv base, num
		
1004  C31410  		jmp	init	; +4: init entry
1007  C32010  		jmp	boot	; +7: boot entry
		
100A  45      		db	'E'	; +10: Boot command letter
100B  02      		db	2	; +11: front panel key
100C  00      		db	0	; +12: port, 0 if variable
100D  9284F1  		db	10010010b,10000100b,11110001b	; +13: FP display ("H67")
1010  48363700		db	'H67',0	; +16: mnemonic string
		
1014          	init:
1014  0E02    		mvi	c,10b
1016  CD0400  		call	getport
1019  C0      		rnz
101A  78      		mov	a,b
101B  325021  		sta	cport
101E  AF      		xra	a	; NC
101F  C9      		ret
		
1020          	boot:
1020  3A3121  		lda	AIO$UNI
1023  0F      		rrc
1024  0F      		rrc
1025  0F      		rrc
1026  DD      		db 0ddh
1027  67      		mov h,a	; movxh	a	; 0xx00000 = relative drive num (LUN)
1028  3A5021  		lda	cport
102B  3C      		inr	a
102C  4F      		mov	c,a
102D  AF      		xra	a
102E  ED79    		outp	a
1030  210000  		lxi	h,0		; zero-out command buffer
1033  223221  		shld	cmdbuf
1036  223421  		shld	cmdbuf+2
1039  223621  		shld	cmdbuf+4
103C  225621  		shld	l2156h	; zero-out ...
103F  225821  		shld	l2156h+2
1042  325A21  		sta	l2156h+4
1045  1600    		mvi	d,0	; controller number
1047  3E04    		mvi	a,4	; delay 8mS, also NZ
1049  B7      		ora	a
104A  FB      		ei
104B          	bsasi0:
104B  C8      		rz
104C  CD2B00  		call	delay
104F  1E00    		mvi	e,0	; Test Drive Ready
1051  CD6E10  		call	sasi$cmd
1054  3EFF    		mvi	a,255	; longer delay on retry...
1056  38F3    		jrc	bsasi0
1058  1E01    		mvi	e,1	; Recalibrate (Home)
105A  CD6E10  		call	sasi$cmd
105D  D8      		rc
105E  210A80  		lxi	h,0800ah	; 10 sectors, retry 8
1061  223621  		shld	cmdbuf+4
1064  1E08    		mvi	e,8	; Read
1066  CD6E10  		call	sasi$cmd
1069  D8      		rc
106A  E1      		pop	h
106B  C33B00  		jmp	hwboot
		
		; send SASI read command, get results
106E          	sasi$cmd:
106E  F3      		di
106F  DD      		db 0ddh	; undocumented Z80 instruction
1070  6B      		mov l,e	; movxl	e	; SASI command
1071  DD223221		sixd	cmdbuf
1075  0600    		mvi	b,0	; wait for "not BUSY" first
1077  1E06    		mvi	e,6	;
1079  210000  		lxi	h,0	; 0x060000 loop/timeout count
107C          	sscmd0:
107C  ED78    		inp	a
107E  E608    		ani	00001000b
1080  B8      		cmp	b
1081  280A    		jrz	sscmd1
1083  2B      		dcx	h
1084  7D      		mov	a,l
1085  B4      		ora	h
1086  20F4    		jrnz	sscmd0
1088  1D      		dcr	e
1089  20F1    		jrnz	sscmd0
108B  37      		stc
108C  C9      		ret
108D          	sscmd1:
108D  78      		mov	a,b
108E  EE08    		xri	00001000b	; wait for BUSY
1090  2810    		jrz	sscmd2		; got BUSY...
1092  47      		mov	b,a
1093  0D      		dcr	c
1094  AF      		xra	a
1095  ED79    		outp	a
1097  0C      		inr	c
1098  0C      		inr	c
1099  ED51    		outp	d	; controller number
109B  0D      		dcr	c
109C  3E40    		mvi	a,040h	; SELECT
109E  ED79    		outp	a
10A0  18DA    		jr	sscmd0	; wait for BUSY now...
		
10A2          	sscmd2:
10A2  3E02    		mvi	a,002h	; enable INTR
10A4  ED79    		outp	a
10A6  213221  		lxi	h,cmdbuf
10A9          	sscmd3:
10A9  ED78    		inp	a
10AB  CB7F    		bit	7,a	; REQ
10AD  28FA    		jrz	sscmd3
10AF  CB67    		bit	4,a	; CMD
10B1  280A    		jrz	sscmd4
10B3  CB77    		bit	6,a	; MSG
10B5  2819    		jrz	sscmd6
10B7  0D      		dcr	c
10B8  EDA3    		outi		; output command byte
10BA  0C      		inr	c
10BB  18EC    		jr	sscmd3
		
10BD          	sscmd4:
10BD  218022  		lxi	h,bootbf
10C0          	sscmd5:
10C0  ED78    		inp	a
10C2  CB7F    		bit	7,a	; REQ
10C4  28FA    		jrz	sscmd5
10C6  CB67    		bit	4,a	; CMD - indicates data done
10C8  2006    		jrnz	sscmd6
10CA  0D      		dcr	c
10CB  EDA2    		ini		; input data byte
10CD  0C      		inr	c
10CE  18F0    		jr	sscmd5
10D0          	sscmd6:
10D0  ED78    		inp	a
10D2  E6D0    		ani	0d0h	; REQ, OUT, CMD
10D4  FE90    		cpi	090h	; must be REQ, CMD
10D6  20F8    		jrnz	sscmd6	; wait for it...
10D8  0D      		dcr	c
10D9  ED68    		inp	l	; result 0
10DB  0C      		inr	c
10DC          	sscmd7:
10DC  ED60    		inp	h	; status
10DE  7C      		mov	a,h
10DF  E6E0    		ani	0e0h	; REG, OUT, MSG
10E1  FEA0    		cpi	0a0h	; must be REQ, MSG
10E3  20F7    		jrnz	sscmd7
10E5  223821  		shld	resbuf	; command results
10E8  0D      		dcr	c
10E9  ED78    		inp	a	; last data byte
10EB  0C      		inr	c
10EC  FB      		ei
10ED  B7      		ora	a
10EE  37      		stc
10EF  C0      		rnz		; error
10F0  CB45    		bit	0,l	; SASI error bit
10F2  C0      		rnz
10F3  CB4D    		bit	1,l	; or other error?
10F5  C0      		rnz
10F6  CB4C    		bit	1,h	; ACK
10F8  C0      		rnz
10F9  AF      		xra	a	; success
10FA  C9      		ret
		
10FB  FFFFFFFF		rept	(($+0ffh) and 0ff00h)-$
      FF
0000          	if ($ > 1800h)
		endif
		
1100          	last:	end



Statistics:

     4	passes
     0	jr promotions
    79	symbols
   256	bytes

    73	macro calls
  3759	macro bytes
     0	invented symbols
