		; VTALK to VDIP1
			maclib	ram
**** ram.lib ****
**** cvtalk.asm ****
			maclib	core
**** core.lib ****
**** cvtalk.asm ****
			maclib	z80
**** z80.lib ****
**** cvtalk.asm ****
		
000D          	CR	equ	13
000A          	LF	equ	10
0003          	CTLC	equ	3
007F          	DEL	equ	127
		
1000          		org	1000h
1000  01      	first:	db	HIGH (last-first)	; +0: num pages
1001  10      		db	HIGH first		; +1: ORG page
1002  FF00    		db	255,0	; +2,+3: phy drv base, num
		
1004  C31B10  		jmp	init	; +4: init entry
1007  C31D10  		jmp	exec	; +7: action entry
		
100A  76      		db	'v'	; +10: Command letter
100B  FF      		db	-1	; +11: front panel key
100C  00      		db	0	; +12: port, 0 if variable
100D  FFFFFF  		db	11111111b,11111111b,11111111b	; +13: FP display
1010  56444950		db	'VDIP1 Talk',0	; +16: mnemonic string
      31205461
      6C6B00
		
101B          	init:
101B  AF      		xra	a	; NC
101C  C9      		ret
		
101D          	exec:
101D  219010  		lxi	h,signon
1020  CD4400  		call	msgout
1023  CD8310  		call	waitcr
1026  219C10  		lxi	h,ready
1029  CD4400  		call	msgout
102C          	loop:
102C  DBED    		in	0edh
102E  0F      		rrc
102F  301A    		jrnc	nokey
1031  DBE8    		in	0e8h	; char from user
1033  FE03    		cpi	CTLC
1035  2839    		jrz	done
1037  CD7410  		call	vdpout
103A  CD7F10  		call	chrout
103D  FE0D    		cpi	CR
103F  200A    		jrnz	nokey
1041  3E0A    		mvi	a,LF
1043  CD7F10  		call	chrout
1046  3EFF    		mvi	a,0ffh
1048  328F10  		sta	pend
104B          	nokey:
104B  DBDA    		in	0dah
104D  E608    		ani	00001000b	; FIFO data ready
104F  28DB    		jrz	loop
			; VDIP1 char ready
1051  3A8F10  		lda	pend
1054  B7      		ora	a
1055  2807    		jrz	nocr
1057  CD1B00  		call	crlf
105A  AF      		xra	a
105B  328F10  		sta	pend
105E          	nocr:
105E  DBD9    		in	0d9h	; get VDIP1 data
1060  FE0D    		cpi	CR
1062  2805    		jrz	vdcr
1064  CD7F10  		call	chrout
1067  18C3    		jr	loop
1069  3EFF    	vdcr:	mvi	a,0ffh
106B  328F10  		sta	pend
106E  18BC    		jr	loop
1070          	done:
1070  CD1B00  		call	crlf
1073  C9      		ret
		
1074  F5      	vdpout:	push	psw
1075  DBDA    	vdpo0:	in	0dah
1077  E604    		ani	00000100b	; Tx space avail
1079  28FA    		jrz	vdpo0
107B  F1      		pop	psw
107C  D3D9    		out	0d9h
107E  C9      		ret
		
107F  2A2600  	chrout:	lhld	conout
1082  E9      		pchl
		
1083          	waitcr:
1083  CD4A00  		call	conin
1086  FE0D    		cpi	CR
1088  C8      		rz
1089  FE7F    		cpi	DEL
108B  20F6    		jrnz	waitcr	; TODO: beep?
108D  E1      		pop	h
108E  C9      		ret
		
108F  00      	pend:	db	0	; CR/LF pending?
		
1090  20564449	signon:	db	' VDIP1 talk',0
      50312074
      616C6B00
109C  0D0A5265	ready:	db	CR,LF,'Ready.',CR,LF,0
      6164792E
      0D0A00
		
10A7  FFFFFFFF		rept	(($+0ffh) and 0ff00h)-$
      FFFFFFFF
      FFFFFFFF
      FFFFFFFF
      FFFFFFFF
      FFFFFFFF
      FFFFFFFF
      FFFFFFFF
      FFFFFFFF
      FFFFFFFF
      FFFFFFFF
      FFFFFFFF
      FFFFFFFF
      FFFFFFFF
      FFFFFFFF
      FFFFFFFF
      FFFFFFFF
      FFFFFFFF
      FFFFFFFF
      FFFFFFFF
      FFFFFFFF
      FFFFFFFF
      FF
0000          	if ($ > 1800h)
		endif
		
1100          	last:	end



Statistics:

     4	passes
     0	jr promotions
    99	symbols
   256	bytes

   119	macro calls
  3759	macro bytes
     0	invented symbols
