		;;;;;;;;;;;;;;;;;;;;;;;;;;;;;;;;;;;;;;;;;;;;;;;;;;;;;;;;;;
		; Dump command
		
			maclib	core
**** core.lib ****
**** cdump.asm ****
			maclib	core80
**** core80.lib ****
**** cdump.asm ****
			maclib	ram
**** ram.lib ****
**** cdump.asm ****
		
000D          	CR	equ	13
000A          	LF	equ	10
0007          	BEL	equ	7
		
1000          		org	1000h
1000  01      	first:	db	HIGH (last-first)
1001  10      		db	HIGH first
1002  FF00    		db	255,0
		
1004  C31C10  		jmp	init
1007  C32310  		jmp	cmddmp
		
100A  44      		db	'D'
100B  FF      		db	-1
100C  00      		db	0
100D  FFFFFF  		db	11111111b,11111111b,11111111b
1010  44756D70		db	'Dump [addr]',0
      205B6164
      64725D00
		
101C  AF      	init:	xra	a
101D  C9      		ret
		
101E  756D7020	dmpms:	db	'ump ',0
      00
		
1023          	cmddmp:
1023  211E10  		lxi	h,dmpms
1026  CD4400  		call	msgout
1029  211420  		lxi	h,ABUSS
102C  B7      		ora	a	; NC
102D  160D    		mvi	d,CR
102F  CD2B01  		call	adrin
1032  EB      		xchg	; HL=adr
1033  0608    		mvi	b,8	; 8 lines (one half page, 128 bytes)
1035  C5      	dmp0:	push	b
1036  CD2E01  		call	adrnl	; CR,LF,"AAAA " (HL=AAAA)
1039  E5      		push	h
103A  0610    		mvi	b,16
103C  7E      	dmp1:	mov	a,m
103D  CD3101  		call	hexout
1040  CD3401  		call	spout
1043  23      		inx	h
1044  05      		dcr b !
1045  C23C10  	 jnz	dmp1
1048  E1      		pop	h
1049  0610    		mvi	b,16
104B  7E      	dmp2:	mov	a,m
104C  FE20    		cpi	' '
104E  DA5610  		jc	dmp3
1051  FE7F    		cpi	'~'+1
1053  DA5810  		jc	dmp4
1056  3E2E    	dmp3:	mvi	a,'.'
1058  CD6910  	dmp4:	call	chrout
105B  23      		inx	h
105C  05      		dcr b !
105D  C24B10  	 jnz	dmp2
1060  C1      		pop	b
1061  05      		dcr b !
1062  C23510  	 jnz	dmp0
1065  221420  		shld	ABUSS
1068  C9      		ret
		
1069  E5      	chrout:	push	h
106A  2A2600  		lhld	conout
106D  E3      		xthl
106E  C9      		ret
		
106F  FFFFFFFF		rept	(($+0ffh) and 0ff00h)-$
      FFFFFFFF
      FFFFFFFF
      FFFFFFFF
      FFFFFFFF
      FFFFFFFF
      FFFFFFFF
      FFFFFFFF
      FFFFFFFF
      FFFFFFFF
      FFFFFFFF
      FFFFFFFF
      FFFFFFFF
      FFFFFFFF
      FFFFFFFF
      FFFFFFFF
      FFFFFFFF
      FFFFFFFF
      FFFFFFFF
      FFFFFFFF
      FFFFFFFF
      FFFFFFFF
      FFFFFFFF
      FFFFFFFF
      FFFFFFFF
      FFFFFFFF
      FFFFFFFF
      FFFFFFFF
      FFFFFFFF
      FFFFFFFF
      FFFFFFFF
      FFFFFFFF
      FFFFFFFF
      FFFFFFFF
      FFFFFFFF
      FFFFFFFF
      FF
		
1100          	last:	end



Statistics:

     4	passes
     0	jr promotions
    96	symbols
   256	bytes

   145	macro calls
    16	macro bytes
     0	invented symbols
