		; Command module for RESET system
		
			maclib	core
**** core.lib ****
**** creset.asm ****
			maclib	core80
**** core80.lib ****
**** creset.asm ****
			maclib	ram
**** ram.lib ****
**** creset.asm ****
		
000D          	CR	equ	13
000A          	LF	equ	10
0007          	BEL	equ	7
007F          	DEL	equ	127
		
1000          		org	1000h
1000  01      	first:	db	HIGH (last-first)	; +0: num pages
1001  10      		db	HIGH first		; +1: ORG page
1002  FF00    		db	255,0	; +2,+3: phy drv base, num
		
1004  C31D10  		jmp	init	; +4: init entry
1007  C31F10  		jmp	exec	; +7: action entry
		
100A  72      		db	'r'	; +10: Command letter
100B  FF      		db	-1	; +11: front panel key
100C  00      		db	0	; +12: port, 0 if variable
100D  FFFFFF  		db	11111111b,11111111b,11111111b	; +13: FP display
1010  52455345		db	'RESET System',0	; +16: mnemonic string
      54205379
      7374656D
      00
		
101D  AF      	init:	xra	a	; NC
101E  C9      		ret
		
101F          	exec:
101F  215D10  		lxi	h,signon
1022  CD4400  		call	msgout
1025  CD4710  		call	waitcr
1028  D8      		rc
1029  CD1B00  		call	crlf
102C  CD3D10  		call	condrain ; ensure all conout drained
102F  D336    		out	36h
		
			; delay a little (probably only for simulator),
			; if RESET doesn't happen then print message.
1031  AF      		xra	a
1032  3D      	dly:	dcr	a
1033  C23210  		jnz	dly
		
1036  216910  		lxi	h,fail
1039  CD4400  		call	msgout
103C  C9      		ret
		
103D          	condrain:
103D  DBED    		in	0edh
103F  E660    		ani	01100000b
1041  FE60    		cpi	01100000b
1043  C23D10  		jnz	condrain
1046  C9      		ret
		
		; wait for CR or DEL (cancel)
1047  CD4A00  	waitcr:	call	conin
104A  FE7F    		cpi	DEL
104C  37      		stc
104D  C8      		rz
104E  FE0D    		cpi	CR
1050  C8      		rz
1051  3E07    		mvi	a,BEL
1053  CD5910  		call	chrout
1056  C34710  		jmp	waitcr
		
1059  2A2600  	chrout:	lhld	conout
105C  E9      		pchl
		
105D  45534554	signon:	db	'ESET System',0
      20537973
      74656D00
1069  0D0A5245	fail:	db	CR,LF,'RESET failed?',CR,LF,0
      53455420
      6661696C
      65643F0D
      0A00
		
107B  FFFFFFFF		rept	(($+0ffh) and 0ff00h)-$
      FFFFFFFF
      FFFFFFFF
      FFFFFFFF
      FFFFFFFF
      FFFFFFFF
      FFFFFFFF
      FFFFFFFF
      FFFFFFFF
      FFFFFFFF
      FFFFFFFF
      FFFFFFFF
      FFFFFFFF
      FFFFFFFF
      FFFFFFFF
      FFFFFFFF
      FFFFFFFF
      FFFFFFFF
      FFFFFFFF
      FFFFFFFF
      FFFFFFFF
      FFFFFFFF
      FFFFFFFF
      FFFFFFFF
      FFFFFFFF
      FFFFFFFF
      FFFFFFFF
      FFFFFFFF
      FFFFFFFF
      FFFFFFFF
      FFFFFFFF
      FFFFFFFF
      FFFFFFFF
      FF
		
1100          	last:	end



Statistics:

     4	passes
     0	jr promotions
    96	symbols
   256	bytes

   133	macro calls
    16	macro bytes
     0	invented symbols
