		;;;;;;;;;;;;;;;;;;;;;;;;;;;;;;;;;;;;;;;;;;;;;;;;;;;;;;;;;;
		; Terminal mode - shuttle I/O between H19 and serial port
		; since both ports operate at the same speed, don't need
		; to check ready as often.
		
			maclib	ram
**** ram.lib ****
**** cterm.asm ****
			maclib	core
**** core.lib ****
**** cterm.asm ****
		
000D          	CR	equ	13
007F          	DEL	equ	127
		
1000          		org	1000h
1000  01      	first:	db	HIGH (last-first)	; +0: num pages
1001  10      		db	HIGH first		; +1: ORG page
1002  FF00    		db	255,0	; +2,+3: phy drv base, num
		
1004  C31E10  		jmp	init	; +4: init entry
1007  C32010  		jmp	exec	; +7: action entry
		
100A  54      		db	'T'	; +10: Command letter
100B  FF      		db	-1	; +11: front panel key
100C  00      		db	0	; +12: port, 0 if variable
100D  FFFFFF  		db	11111111b,11111111b,11111111b	; +13: FP display
1010  5465726D		db	'Terminal mode',0	; +16: mnemonic string
      696E616C
      206D6F64
      6500
		
101E  AF      	init:	xra	a
101F  C9      		ret
		
1020          	exec:
1020  217C10  		lxi	h,terms
1023  CD4400  		call	msgout
1026  CD6F10  		call	waitcr
1029  CD1B00  		call	crlf
102C          	termfl:
102C  DBED    		in	0edh
102E  E660    		ani	01100000b
1030  FE60    		cpi	01100000b
1032  C22C10  		jnz	termfl	; wait for output to flush
1035  DBEB    		in	0ebh
1037  F680    		ori	10000000b
1039  D3EB    		out	0ebh
103B  D3DB    		out	0dbh
103D  DBE8    		in	0e8h
103F  D3D8    		out	0d8h
1041  DBE9    		in	0e9h
1043  D3D9    		out	0d9h
1045  DBEB    		in	0ebh
1047  E67F    		ani	01111111b
1049  D3EB    		out	0ebh
104B  D3DB    		out	0dbh
104D  AF      		xra	a
104E  D3D9    		out	0d9h
1050  DBD8    		in	0d8h
1052  3E0F    		mvi	a,00fh
1054  D3DC    		out	0dch
1056          	termlp:
1056  DBDD    		in	0ddh
1058  E601    		ani	00000001b
105A  CA6110  		jz	terml0
105D  DBD8    		in	0d8h
105F  D3E8    		out	0e8h
1061          	terml0:
1061  DBED    		in	0edh
1063  E601    		ani	00000001b
1065  CA5610  		jz	termlp
1068  DBE8    		in	0e8h
106A  D3D8    		out	0d8h
106C  C35610  		jmp	termlp
		
106F          	waitcr:
106F  CD4A00  		call	conin
1072  FE0D    		cpi	CR
1074  C8      		rz
1075  FE7F    		cpi	DEL
1077  C26F10  		jnz	waitcr
107A  E1      		pop	h	; discard ret adr
107B  C9      		ret		; return to monitor
		
107C  65726D69	terms:	db	'erminal Mode',0
      6E616C20
      4D6F6465
      00
		
1089  FFFFFFFF		rept	(($+0ffh) and 0ff00h)-$
      FFFFFFFF
      FFFFFFFF
      FFFFFFFF
      FFFFFFFF
      FFFFFFFF
      FFFFFFFF
      FFFFFFFF
      FFFFFFFF
      FFFFFFFF
      FFFFFFFF
      FFFFFFFF
      FFFFFFFF
      FFFFFFFF
      FFFFFFFF
      FFFFFFFF
      FFFFFFFF
      FFFFFFFF
      FFFFFFFF
      FFFFFFFF
      FFFFFFFF
      FFFFFFFF
      FFFFFFFF
      FFFFFFFF
      FFFFFFFF
      FFFFFFFF
      FFFFFFFF
      FFFFFFFF
      FFFFFFFF
      FFFFFF
0000          	if ($ > 1800h)
		endif
		
1100          	last:	end



Statistics:

     4	passes
     0	jr promotions
    86	symbols
   256	bytes

   119	macro calls
    16	macro bytes
     0	invented symbols
