		; VTALK to VDIP1
			maclib	ram
**** ram.lib ****
**** cvtalk.asm ****
			maclib	core
**** core.lib ****
**** cvtalk.asm ****
		
000D          	CR	equ	13
000A          	LF	equ	10
0003          	CTLC	equ	3
007F          	DEL	equ	127
		
1000          		org	1000h
1000  01      	first:	db	HIGH (last-first)	; +0: num pages
1001  10      		db	HIGH first		; +1: ORG page
1002  FF00    		db	255,0	; +2,+3: phy drv base, num
		
1004  C31B10  		jmp	init	; +4: init entry
1007  C31D10  		jmp	exec	; +7: action entry
		
100A  76      		db	'v'	; +10: Command letter
100B  FF      		db	-1	; +11: front panel key
100C  00      		db	0	; +12: port, 0 if variable
100D  FFFFFF  		db	11111111b,11111111b,11111111b	; +13: FP display
1010  56444950		db	'VDIP1 Talk',0	; +16: mnemonic string
      31205461
      6C6B00
		
101B  AF      	init:	xra	a	; NC
101C  C9      		ret
		
101D          	exec:
101D  219A10  		lxi	h,signon
1020  CD4400  		call	msgout
1023  CD8C10  		call	waitcr
1026  21A610  		lxi	h,ready
1029  CD4400  		call	msgout
102C          	loop:
102C  DBED    		in	0edh
102E  0F      		rrc
102F  D24E10  		jnc	nokey
1032  DBE8    		in	0e8h	; char from user
1034  FE03    		cpi	CTLC
1036  CA7810  		jz	done
1039  CD7C10  		call	vdpout
103C  CD8810  		call	chrout
103F  FE0D    		cpi	CR
1041  C24E10  		jnz	nokey
1044  3E0A    		mvi	a,LF
1046  CD8810  		call	chrout
1049  3EFF    		mvi	a,0ffh
104B  329910  		sta	pend
104E          	nokey:
104E  DBDA    		in	0dah
1050  E608    		ani	00001000b	; FIFO data ready
1052  CA2C10  		jz	loop
			; VDIP1 char ready
1055  3A9910  		lda	pend
1058  B7      		ora	a
1059  CA6310  		jz	nocr
105C  CD1B00  		call	crlf
105F  AF      		xra	a
1060  329910  		sta	pend
1063          	nocr:
1063  DBD9    		in	0d9h	; get VDIP1 data
1065  FE0D    		cpi	CR
1067  CA7010  		jz	vdcr
106A  CD8810  		call	chrout
106D  C32C10  		jmp	loop
1070  3EFF    	vdcr:	mvi	a,0ffh
1072  329910  		sta	pend
1075  C32C10  		jmp	loop
1078          	done:
1078  CD1B00  		call	crlf
107B  C9      		ret
		
107C  F5      	vdpout:	push	psw
107D  DBDA    	vdpo0:	in	0dah
107F  E604    		ani	00000100b	; Tx space avail
1081  CA7D10  		jz	vdpo0
1084  F1      		pop	psw
1085  D3D9    		out	0d9h
1087  C9      		ret
		
1088  2A2600  	chrout:	lhld	conout
108B  E9      		pchl
		
108C          	waitcr:
108C  CD4A00  		call	conin
108F  FE0D    		cpi	CR
1091  C8      		rz
1092  FE7F    		cpi	DEL
1094  C28C10  		jnz	waitcr	; TODO: beep?
1097  E1      		pop	h
1098  C9      		ret
		
1099  00      	pend:	db	0	; CR/LF pending?
		
109A  20564449	signon:	db	' VDIP1 talk',0
      50312074
      616C6B00
10A6  0D0A5265	ready:	db	CR,LF,'Ready.',CR,LF,0
      6164792E
      0D0A00
		
10B1  FFFFFFFF		rept	(($+0ffh) and 0ff00h)-$
      FFFFFFFF
      FFFFFFFF
      FFFFFFFF
      FFFFFFFF
      FFFFFFFF
      FFFFFFFF
      FFFFFFFF
      FFFFFFFF
      FFFFFFFF
      FFFFFFFF
      FFFFFFFF
      FFFFFFFF
      FFFFFFFF
      FFFFFFFF
      FFFFFFFF
      FFFFFFFF
      FFFFFFFF
      FFFFFFFF
      FFFFFF
0000          	if ($ > 1800h)
		endif
		
1100          	last:	end



Statistics:

     4	passes
     0	jr promotions
    95	symbols
   256	bytes

    79	macro calls
    16	macro bytes
     0	invented symbols
