			maclib	z80
**** z80.lib ****
**** org0boot.asm ****
		
00F0          	?h8pt	equ	0f0h
00F2          	?port	equ	0f2h
2036          	ctl$F2	equ	2036h
		
3000          		org	3000h
3000  C30530  	boot:	jmp	around
		
3003  0000    	entry:	dw	0	; set by server net boot
		
3005          	around:
3005  F3      		di
3006  3E9F    		mvi	a,09fh	; 2ms off, blank fp on H8
3008  D3F0    		out	?h8pt	; H89 NMI should be innocuous
300A  213620  		lxi	h,ctl$F2
300D  7E      		mov	a,m
300E  E6FD    		ani	11111101b	; clock off
3010  D3F2    		out	?port
3012  E620    		ani	00100000b	; ORG0 already?
3014  200A    		jrnz	done2
			; In case this is a MMS77318, use full un-lock
3016  212830  		lxi	h,?code		;sequence to move memory-map
3019  0607    		mvi	b,?code$len	;number of bytes in sequence
301B  0EF2    		mvi	c,?port		;I/O port to send sequence
301D  EDB3    		outir
301F  2B      		dcx	h
3020  7E      	done2:	mov	a,m
3021  320D00  		sta	000dh	; for CP/M
		
3024  2A0330  		lhld	entry
3027  E9      		pchl
		
3028  04      	?code	db	0000$01$00b
3029  0C      		db	0000$11$00b
302A  04      		db	0000$01$00b
302B  08      		db	0000$10$00b
302C  0C      		db	0000$11$00b
302D  08      		db	0000$10$00b
302E  20      		db	0010$00$00b	;changes memory if "-FA" also
0007          	?code$len equ	$-?code
		
302F  00000000		rept	128-($-boot)
      00000000
      00000000
      00000000
      00000000
      00000000
      00000000
      00000000
      00000000
      00000000
      00000000
      00000000
      00000000
      00000000
      00000000
      00000000
      00000000
      00000000
      00000000
      00000000
      00
		
3080          		end



Statistics:

     4	passes
     0	jr promotions
    14	symbols
   128	bytes

    85	macro calls
  3756	macro bytes
     0	invented symbols
